Build started 21/8/2012 10:25:44 PM.
     1>Project "C:\Users\Salman\NUS\EE4001\Research\TesseractEngine3DotNetWrapper_RC2 _r552\tesseract_r552\vs2008\wordrec.vcxproj" on node 2 (rebuild target(s)).
     1>_PrepareForClean:
         Deleting file "Release\wordrec\wordrec.lastbuildstate".
       InitializeBuildStatus:
         Creating "Release\wordrec\wordrec.unsuccessfulbuild" because "AlwaysCreate" was specified.
       ClCompile:
         C:\Program Files (x86)\Microsoft Visual Studio 10.0\VC\bin\CL.exe /c /I..\ccutil /I..\cutil /I..\viewer /I..\image /I..\ccstruct /I..\dict /I..\classify /Zi /nologo /W3 /WX- /O2 /Oi /Oy- /GL /D WIN32 /D NDEBUG /D _LIB /D __MSW32__ /D _CRT_SECURE_NO_WARNINGS /D _MBCS /Gm- /EHsc /MD /GS /Gy /fp:precise /Zc:wchar_t /Zc:forScope /Fo"Release\wordrec\\" /Fd"Release\wordrec\vc100.pdb" /Gd /TP /analyze- /errorReport:prompt ..\wordrec\associate.cpp ..\wordrec\bestfirst.cpp ..\wordrec\chop.cpp ..\wordrec\chopper.cpp ..\wordrec\closed.cpp ..\wordrec\drawfx.cpp ..\wordrec\findseam.cpp ..\wordrec\gradechop.cpp ..\wordrec\heuristic.cpp ..\wordrec\language_model.cpp ..\wordrec\makechop.cpp ..\wordrec\matchtab.cpp ..\wordrec\olutil.cpp ..\wordrec\outlines.cpp ..\wordrec\pieces.cpp ..\wordrec\plotedges.cpp ..\wordrec\plotseg.cpp ..\wordrec\render.cpp ..\wordrec\segsearch.cpp ..\wordrec\tally.cpp ..\wordrec\tface.cpp ..\wordrec\wordclass.cpp ..\wordrec\wordrec.cpp /wd4244 /wd4018 /wd4305 /wd4800 /wd4996 
         associate.cpp
     1>c:\users\salman\nus\ee4001\research\tesseractengine3dotnetwrapper_rc2 _r552\tesseract_r552\ccstruct\blobs.h(67): warning C4099: 'EDGEPT' : type name first seen using 'class' now seen using 'struct'
                 c:\users\salman\nus\ee4001\research\tesseractengine3dotnetwrapper_rc2 _r552\tesseract_r552\ccstruct\vecfuncs.h(31) : see declaration of 'EDGEPT'
     1>c:\users\salman\nus\ee4001\research\tesseractengine3dotnetwrapper_rc2 _r552\tesseract_r552\ccstruct\normalis.h(34): warning C4099: 'TBLOB' : type name first seen using 'struct' now seen using 'class'
                 c:\users\salman\nus\ee4001\research\tesseractengine3dotnetwrapper_rc2 _r552\tesseract_r552\ccstruct\blobs.h(164) : see declaration of 'TBLOB'
     1>c:\users\salman\nus\ee4001\research\tesseractengine3dotnetwrapper_rc2 _r552\tesseract_r552\ccstruct\normalis.h(36): warning C4099: 'TPOINT' : type name first seen using 'struct' now seen using 'class'
                 c:\users\salman\nus\ee4001\research\tesseractengine3dotnetwrapper_rc2 _r552\tesseract_r552\ccstruct\blobs.h(52) : see declaration of 'TPOINT'
         bestfirst.cpp
     1>c:\users\salman\nus\ee4001\research\tesseractengine3dotnetwrapper_rc2 _r552\tesseract_r552\ccstruct\blobs.h(67): warning C4099: 'EDGEPT' : type name first seen using 'class' now seen using 'struct'
                 c:\users\salman\nus\ee4001\research\tesseractengine3dotnetwrapper_rc2 _r552\tesseract_r552\ccstruct\vecfuncs.h(31) : see declaration of 'EDGEPT'
     1>c:\users\salman\nus\ee4001\research\tesseractengine3dotnetwrapper_rc2 _r552\tesseract_r552\ccstruct\normalis.h(34): warning C4099: 'TBLOB' : type name first seen using 'struct' now seen using 'class'
                 c:\users\salman\nus\ee4001\research\tesseractengine3dotnetwrapper_rc2 _r552\tesseract_r552\ccstruct\blobs.h(164) : see declaration of 'TBLOB'
     1>c:\users\salman\nus\ee4001\research\tesseractengine3dotnetwrapper_rc2 _r552\tesseract_r552\ccstruct\normalis.h(36): warning C4099: 'TPOINT' : type name first seen using 'struct' now seen using 'class'
                 c:\users\salman\nus\ee4001\research\tesseractengine3dotnetwrapper_rc2 _r552\tesseract_r552\ccstruct\blobs.h(52) : see declaration of 'TPOINT'
         chop.cpp
     1>c:\users\salman\nus\ee4001\research\tesseractengine3dotnetwrapper_rc2 _r552\tesseract_r552\ccstruct\blobs.h(67): warning C4099: 'EDGEPT' : type name first seen using 'class' now seen using 'struct'
                 c:\users\salman\nus\ee4001\research\tesseractengine3dotnetwrapper_rc2 _r552\tesseract_r552\ccstruct\vecfuncs.h(31) : see declaration of 'EDGEPT'
     1>c:\users\salman\nus\ee4001\research\tesseractengine3dotnetwrapper_rc2 _r552\tesseract_r552\ccstruct\normalis.h(34): warning C4099: 'TBLOB' : type name first seen using 'struct' now seen using 'class'
                 C:\Users\Salman\NUS\EE4001\Research\TesseractEngine3DotNetWrapper_RC2 _r552\tesseract_r552\ccstruct\blobs.h(164) : see declaration of 'TBLOB'
     1>c:\users\salman\nus\ee4001\research\tesseractengine3dotnetwrapper_rc2 _r552\tesseract_r552\ccstruct\normalis.h(36): warning C4099: 'TPOINT' : type name first seen using 'struct' now seen using 'class'
                 C:\Users\Salman\NUS\EE4001\Research\TesseractEngine3DotNetWrapper_RC2 _r552\tesseract_r552\ccstruct\blobs.h(52) : see declaration of 'TPOINT'
         chopper.cpp
     1>c:\users\salman\nus\ee4001\research\tesseractengine3dotnetwrapper_rc2 _r552\tesseract_r552\ccstruct\blobs.h(52): warning C4099: 'TPOINT' : type name first seen using 'class' now seen using 'struct'
                 c:\users\salman\nus\ee4001\research\tesseractengine3dotnetwrapper_rc2 _r552\tesseract_r552\ccstruct\normalis.h(36) : see declaration of 'TPOINT'
     1>c:\users\salman\nus\ee4001\research\tesseractengine3dotnetwrapper_rc2 _r552\tesseract_r552\ccstruct\blobs.h(67): warning C4099: 'EDGEPT' : type name first seen using 'class' now seen using 'struct'
                 c:\users\salman\nus\ee4001\research\tesseractengine3dotnetwrapper_rc2 _r552\tesseract_r552\ccstruct\vecfuncs.h(31) : see declaration of 'EDGEPT'
     1>c:\users\salman\nus\ee4001\research\tesseractengine3dotnetwrapper_rc2 _r552\tesseract_r552\ccstruct\blobs.h(164): warning C4099: 'TBLOB' : type name first seen using 'class' now seen using 'struct'
                 c:\users\salman\nus\ee4001\research\tesseractengine3dotnetwrapper_rc2 _r552\tesseract_r552\ccstruct\normalis.h(34) : see declaration of 'TBLOB'
         closed.cpp
         drawfx.cpp
         findseam.cpp
     1>c:\users\salman\nus\ee4001\research\tesseractengine3dotnetwrapper_rc2 _r552\tesseract_r552\ccstruct\blobs.h(67): warning C4099: 'EDGEPT' : type name first seen using 'class' now seen using 'struct'
                 c:\users\salman\nus\ee4001\research\tesseractengine3dotnetwrapper_rc2 _r552\tesseract_r552\ccstruct\vecfuncs.h(31) : see declaration of 'EDGEPT'
     1>c:\users\salman\nus\ee4001\research\tesseractengine3dotnetwrapper_rc2 _r552\tesseract_r552\ccstruct\normalis.h(34): warning C4099: 'TBLOB' : type name first seen using 'struct' now seen using 'class'
                 C:\Users\Salman\NUS\EE4001\Research\TesseractEngine3DotNetWrapper_RC2 _r552\tesseract_r552\ccstruct\blobs.h(164) : see declaration of 'TBLOB'
     1>c:\users\salman\nus\ee4001\research\tesseractengine3dotnetwrapper_rc2 _r552\tesseract_r552\ccstruct\normalis.h(36): warning C4099: 'TPOINT' : type name first seen using 'struct' now seen using 'class'
                 C:\Users\Salman\NUS\EE4001\Research\TesseractEngine3DotNetWrapper_RC2 _r552\tesseract_r552\ccstruct\blobs.h(52) : see declaration of 'TPOINT'
         gradechop.cpp
     1>c:\users\salman\nus\ee4001\research\tesseractengine3dotnetwrapper_rc2 _r552\tesseract_r552\ccstruct\blobs.h(67): warning C4099: 'EDGEPT' : type name first seen using 'class' now seen using 'struct'
                 c:\users\salman\nus\ee4001\research\tesseractengine3dotnetwrapper_rc2 _r552\tesseract_r552\ccstruct\vecfuncs.h(31) : see declaration of 'EDGEPT'
     1>c:\users\salman\nus\ee4001\research\tesseractengine3dotnetwrapper_rc2 _r552\tesseract_r552\ccstruct\normalis.h(34): warning C4099: 'TBLOB' : type name first seen using 'struct' now seen using 'class'
                 C:\Users\Salman\NUS\EE4001\Research\TesseractEngine3DotNetWrapper_RC2 _r552\tesseract_r552\ccstruct\blobs.h(164) : see declaration of 'TBLOB'
     1>c:\users\salman\nus\ee4001\research\tesseractengine3dotnetwrapper_rc2 _r552\tesseract_r552\ccstruct\normalis.h(36): warning C4099: 'TPOINT' : type name first seen using 'struct' now seen using 'class'
                 C:\Users\Salman\NUS\EE4001\Research\TesseractEngine3DotNetWrapper_RC2 _r552\tesseract_r552\ccstruct\blobs.h(52) : see declaration of 'TPOINT'
         heuristic.cpp
     1>c:\users\salman\nus\ee4001\research\tesseractengine3dotnetwrapper_rc2 _r552\tesseract_r552\ccstruct\blobs.h(67): warning C4099: 'EDGEPT' : type name first seen using 'class' now seen using 'struct'
                 c:\users\salman\nus\ee4001\research\tesseractengine3dotnetwrapper_rc2 _r552\tesseract_r552\ccstruct\vecfuncs.h(31) : see declaration of 'EDGEPT'
     1>c:\users\salman\nus\ee4001\research\tesseractengine3dotnetwrapper_rc2 _r552\tesseract_r552\ccstruct\normalis.h(34): warning C4099: 'TBLOB' : type name first seen using 'struct' now seen using 'class'
                 c:\users\salman\nus\ee4001\research\tesseractengine3dotnetwrapper_rc2 _r552\tesseract_r552\ccstruct\blobs.h(164) : see declaration of 'TBLOB'
     1>c:\users\salman\nus\ee4001\research\tesseractengine3dotnetwrapper_rc2 _r552\tesseract_r552\ccstruct\normalis.h(36): warning C4099: 'TPOINT' : type name first seen using 'struct' now seen using 'class'
                 c:\users\salman\nus\ee4001\research\tesseractengine3dotnetwrapper_rc2 _r552\tesseract_r552\ccstruct\blobs.h(52) : see declaration of 'TPOINT'
         language_model.cpp
     1>c:\users\salman\nus\ee4001\research\tesseractengine3dotnetwrapper_rc2 _r552\tesseract_r552\ccstruct\blobs.h(67): warning C4099: 'EDGEPT' : type name first seen using 'class' now seen using 'struct'
                 c:\users\salman\nus\ee4001\research\tesseractengine3dotnetwrapper_rc2 _r552\tesseract_r552\ccstruct\vecfuncs.h(31) : see declaration of 'EDGEPT'
     1>c:\users\salman\nus\ee4001\research\tesseractengine3dotnetwrapper_rc2 _r552\tesseract_r552\ccstruct\normalis.h(34): warning C4099: 'TBLOB' : type name first seen using 'struct' now seen using 'class'
                 c:\users\salman\nus\ee4001\research\tesseractengine3dotnetwrapper_rc2 _r552\tesseract_r552\ccstruct\blobs.h(164) : see declaration of 'TBLOB'
     1>c:\users\salman\nus\ee4001\research\tesseractengine3dotnetwrapper_rc2 _r552\tesseract_r552\ccstruct\normalis.h(36): warning C4099: 'TPOINT' : type name first seen using 'struct' now seen using 'class'
                 c:\users\salman\nus\ee4001\research\tesseractengine3dotnetwrapper_rc2 _r552\tesseract_r552\ccstruct\blobs.h(52) : see declaration of 'TPOINT'
         makechop.cpp
     1>c:\users\salman\nus\ee4001\research\tesseractengine3dotnetwrapper_rc2 _r552\tesseract_r552\ccstruct\blobs.h(67): warning C4099: 'EDGEPT' : type name first seen using 'class' now seen using 'struct'
                 c:\users\salman\nus\ee4001\research\tesseractengine3dotnetwrapper_rc2 _r552\tesseract_r552\ccstruct\vecfuncs.h(31) : see declaration of 'EDGEPT'
         matchtab.cpp
     1>c:\users\salman\nus\ee4001\research\tesseractengine3dotnetwrapper_rc2 _r552\tesseract_r552\ccstruct\blobs.h(52): warning C4099: 'TPOINT' : type name first seen using 'class' now seen using 'struct'
                 c:\users\salman\nus\ee4001\research\tesseractengine3dotnetwrapper_rc2 _r552\tesseract_r552\ccstruct\normalis.h(36) : see declaration of 'TPOINT'
     1>c:\users\salman\nus\ee4001\research\tesseractengine3dotnetwrapper_rc2 _r552\tesseract_r552\ccstruct\blobs.h(67): warning C4099: 'EDGEPT' : type name first seen using 'class' now seen using 'struct'
                 c:\users\salman\nus\ee4001\research\tesseractengine3dotnetwrapper_rc2 _r552\tesseract_r552\ccstruct\vecfuncs.h(31) : see declaration of 'EDGEPT'
     1>c:\users\salman\nus\ee4001\research\tesseractengine3dotnetwrapper_rc2 _r552\tesseract_r552\ccstruct\blobs.h(164): warning C4099: 'TBLOB' : type name first seen using 'class' now seen using 'struct'
                 c:\users\salman\nus\ee4001\research\tesseractengine3dotnetwrapper_rc2 _r552\tesseract_r552\ccstruct\normalis.h(34) : see declaration of 'TBLOB'
         olutil.cpp
     1>c:\users\salman\nus\ee4001\research\tesseractengine3dotnetwrapper_rc2 _r552\tesseract_r552\ccstruct\blobs.h(67): warning C4099: 'EDGEPT' : type name first seen using 'class' now seen using 'struct'
                 c:\users\salman\nus\ee4001\research\tesseractengine3dotnetwrapper_rc2 _r552\tesseract_r552\ccstruct\vecfuncs.h(31) : see declaration of 'EDGEPT'
         outlines.cpp
     1>c:\users\salman\nus\ee4001\research\tesseractengine3dotnetwrapper_rc2 _r552\tesseract_r552\ccstruct\blobs.h(67): warning C4099: 'EDGEPT' : type name first seen using 'class' now seen using 'struct'
                 c:\users\salman\nus\ee4001\research\tesseractengine3dotnetwrapper_rc2 _r552\tesseract_r552\ccstruct\vecfuncs.h(31) : see declaration of 'EDGEPT'
     1>c:\users\salman\nus\ee4001\research\tesseractengine3dotnetwrapper_rc2 _r552\tesseract_r552\ccstruct\normalis.h(34): warning C4099: 'TBLOB' : type name first seen using 'struct' now seen using 'class'
                 C:\Users\Salman\NUS\EE4001\Research\TesseractEngine3DotNetWrapper_RC2 _r552\tesseract_r552\ccstruct\blobs.h(164) : see declaration of 'TBLOB'
     1>c:\users\salman\nus\ee4001\research\tesseractengine3dotnetwrapper_rc2 _r552\tesseract_r552\ccstruct\normalis.h(36): warning C4099: 'TPOINT' : type name first seen using 'struct' now seen using 'class'
                 C:\Users\Salman\NUS\EE4001\Research\TesseractEngine3DotNetWrapper_RC2 _r552\tesseract_r552\ccstruct\blobs.h(52) : see declaration of 'TPOINT'
         pieces.cpp
     1>c:\users\salman\nus\ee4001\research\tesseractengine3dotnetwrapper_rc2 _r552\tesseract_r552\ccstruct\blobs.h(52): warning C4099: 'TPOINT' : type name first seen using 'class' now seen using 'struct'
                 c:\users\salman\nus\ee4001\research\tesseractengine3dotnetwrapper_rc2 _r552\tesseract_r552\ccstruct\normalis.h(36) : see declaration of 'TPOINT'
     1>c:\users\salman\nus\ee4001\research\tesseractengine3dotnetwrapper_rc2 _r552\tesseract_r552\ccstruct\blobs.h(67): warning C4099: 'EDGEPT' : type name first seen using 'class' now seen using 'struct'
                 c:\users\salman\nus\ee4001\research\tesseractengine3dotnetwrapper_rc2 _r552\tesseract_r552\ccstruct\vecfuncs.h(31) : see declaration of 'EDGEPT'
     1>c:\users\salman\nus\ee4001\research\tesseractengine3dotnetwrapper_rc2 _r552\tesseract_r552\ccstruct\blobs.h(164): warning C4099: 'TBLOB' : type name first seen using 'class' now seen using 'struct'
                 c:\users\salman\nus\ee4001\research\tesseractengine3dotnetwrapper_rc2 _r552\tesseract_r552\ccstruct\normalis.h(34) : see declaration of 'TBLOB'
         plotedges.cpp
     1>c:\users\salman\nus\ee4001\research\tesseractengine3dotnetwrapper_rc2 _r552\tesseract_r552\ccstruct\blobs.h(67): warning C4099: 'EDGEPT' : type name first seen using 'class' now seen using 'struct'
                 c:\users\salman\nus\ee4001\research\tesseractengine3dotnetwrapper_rc2 _r552\tesseract_r552\ccstruct\vecfuncs.h(31) : see declaration of 'EDGEPT'
         plotseg.cpp
     1>c:\users\salman\nus\ee4001\research\tesseractengine3dotnetwrapper_rc2 _r552\tesseract_r552\ccstruct\blobs.h(67): warning C4099: 'EDGEPT' : type name first seen using 'class' now seen using 'struct'
                 c:\users\salman\nus\ee4001\research\tesseractengine3dotnetwrapper_rc2 _r552\tesseract_r552\ccstruct\vecfuncs.h(31) : see declaration of 'EDGEPT'
         render.cpp
     1>c:\users\salman\nus\ee4001\research\tesseractengine3dotnetwrapper_rc2 _r552\tesseract_r552\ccstruct\blobs.h(67): warning C4099: 'EDGEPT' : type name first seen using 'class' now seen using 'struct'
                 c:\users\salman\nus\ee4001\research\tesseractengine3dotnetwrapper_rc2 _r552\tesseract_r552\ccstruct\vecfuncs.h(31) : see declaration of 'EDGEPT'
         segsearch.cpp
     1>c:\users\salman\nus\ee4001\research\tesseractengine3dotnetwrapper_rc2 _r552\tesseract_r552\ccstruct\blobs.h(67): warning C4099: 'EDGEPT' : type name first seen using 'class' now seen using 'struct'
                 c:\users\salman\nus\ee4001\research\tesseractengine3dotnetwrapper_rc2 _r552\tesseract_r552\ccstruct\vecfuncs.h(31) : see declaration of 'EDGEPT'
     1>c:\users\salman\nus\ee4001\research\tesseractengine3dotnetwrapper_rc2 _r552\tesseract_r552\ccstruct\normalis.h(34): warning C4099: 'TBLOB' : type name first seen using 'struct' now seen using 'class'
                 c:\users\salman\nus\ee4001\research\tesseractengine3dotnetwrapper_rc2 _r552\tesseract_r552\ccstruct\blobs.h(164) : see declaration of 'TBLOB'
     1>c:\users\salman\nus\ee4001\research\tesseractengine3dotnetwrapper_rc2 _r552\tesseract_r552\ccstruct\normalis.h(36): warning C4099: 'TPOINT' : type name first seen using 'struct' now seen using 'class'
                 c:\users\salman\nus\ee4001\research\tesseractengine3dotnetwrapper_rc2 _r552\tesseract_r552\ccstruct\blobs.h(52) : see declaration of 'TPOINT'
         tally.cpp
         Compiling...
         tface.cpp
     1>c:\users\salman\nus\ee4001\research\tesseractengine3dotnetwrapper_rc2 _r552\tesseract_r552\ccstruct\blobs.h(67): warning C4099: 'EDGEPT' : type name first seen using 'class' now seen using 'struct'
                 c:\users\salman\nus\ee4001\research\tesseractengine3dotnetwrapper_rc2 _r552\tesseract_r552\ccstruct\vecfuncs.h(31) : see declaration of 'EDGEPT'
     1>c:\users\salman\nus\ee4001\research\tesseractengine3dotnetwrapper_rc2 _r552\tesseract_r552\ccstruct\normalis.h(34): warning C4099: 'TBLOB' : type name first seen using 'struct' now seen using 'class'
                 c:\users\salman\nus\ee4001\research\tesseractengine3dotnetwrapper_rc2 _r552\tesseract_r552\ccstruct\blobs.h(164) : see declaration of 'TBLOB'
     1>c:\users\salman\nus\ee4001\research\tesseractengine3dotnetwrapper_rc2 _r552\tesseract_r552\ccstruct\normalis.h(36): warning C4099: 'TPOINT' : type name first seen using 'struct' now seen using 'class'
                 c:\users\salman\nus\ee4001\research\tesseractengine3dotnetwrapper_rc2 _r552\tesseract_r552\ccstruct\blobs.h(52) : see declaration of 'TPOINT'
         wordclass.cpp
     1>c:\users\salman\nus\ee4001\research\tesseractengine3dotnetwrapper_rc2 _r552\tesseract_r552\ccstruct\blobs.h(67): warning C4099: 'EDGEPT' : type name first seen using 'class' now seen using 'struct'
                 c:\users\salman\nus\ee4001\research\tesseractengine3dotnetwrapper_rc2 _r552\tesseract_r552\ccstruct\vecfuncs.h(31) : see declaration of 'EDGEPT'
     1>c:\users\salman\nus\ee4001\research\tesseractengine3dotnetwrapper_rc2 _r552\tesseract_r552\ccstruct\normalis.h(34): warning C4099: 'TBLOB' : type name first seen using 'struct' now seen using 'class'
                 c:\users\salman\nus\ee4001\research\tesseractengine3dotnetwrapper_rc2 _r552\tesseract_r552\ccstruct\blobs.h(164) : see declaration of 'TBLOB'
     1>c:\users\salman\nus\ee4001\research\tesseractengine3dotnetwrapper_rc2 _r552\tesseract_r552\ccstruct\normalis.h(36): warning C4099: 'TPOINT' : type name first seen using 'struct' now seen using 'class'
                 c:\users\salman\nus\ee4001\research\tesseractengine3dotnetwrapper_rc2 _r552\tesseract_r552\ccstruct\blobs.h(52) : see declaration of 'TPOINT'
         wordrec.cpp
     1>c:\users\salman\nus\ee4001\research\tesseractengine3dotnetwrapper_rc2 _r552\tesseract_r552\ccstruct\blobs.h(67): warning C4099: 'EDGEPT' : type name first seen using 'class' now seen using 'struct'
                 c:\users\salman\nus\ee4001\research\tesseractengine3dotnetwrapper_rc2 _r552\tesseract_r552\ccstruct\vecfuncs.h(31) : see declaration of 'EDGEPT'
     1>c:\users\salman\nus\ee4001\research\tesseractengine3dotnetwrapper_rc2 _r552\tesseract_r552\ccstruct\normalis.h(34): warning C4099: 'TBLOB' : type name first seen using 'struct' now seen using 'class'
                 c:\users\salman\nus\ee4001\research\tesseractengine3dotnetwrapper_rc2 _r552\tesseract_r552\ccstruct\blobs.h(164) : see declaration of 'TBLOB'
     1>c:\users\salman\nus\ee4001\research\tesseractengine3dotnetwrapper_rc2 _r552\tesseract_r552\ccstruct\normalis.h(36): warning C4099: 'TPOINT' : type name first seen using 'struct' now seen using 'class'
                 c:\users\salman\nus\ee4001\research\tesseractengine3dotnetwrapper_rc2 _r552\tesseract_r552\ccstruct\blobs.h(52) : see declaration of 'TPOINT'
     1>..\wordrec\wordrec.cpp(29): warning C4355: 'this' : used in base member initializer list
     1>..\wordrec\wordrec.cpp(31): warning C4355: 'this' : used in base member initializer list
     1>..\wordrec\wordrec.cpp(35): warning C4355: 'this' : used in base member initializer list
     1>..\wordrec\wordrec.cpp(37): warning C4355: 'this' : used in base member initializer list
     1>..\wordrec\wordrec.cpp(39): warning C4355: 'this' : used in base member initializer list
     1>..\wordrec\wordrec.cpp(42): warning C4355: 'this' : used in base member initializer list
     1>..\wordrec\wordrec.cpp(44): warning C4355: 'this' : used in base member initializer list
     1>..\wordrec\wordrec.cpp(46): warning C4355: 'this' : used in base member initializer list
     1>..\wordrec\wordrec.cpp(48): warning C4355: 'this' : used in base member initializer list
     1>..\wordrec\wordrec.cpp(50): warning C4355: 'this' : used in base member initializer list
     1>..\wordrec\wordrec.cpp(52): warning C4355: 'this' : used in base member initializer list
     1>..\wordrec\wordrec.cpp(54): warning C4355: 'this' : used in base member initializer list
     1>..\wordrec\wordrec.cpp(56): warning C4355: 'this' : used in base member initializer list
     1>..\wordrec\wordrec.cpp(58): warning C4355: 'this' : used in base member initializer list
     1>..\wordrec\wordrec.cpp(60): warning C4355: 'this' : used in base member initializer list
     1>..\wordrec\wordrec.cpp(62): warning C4355: 'this' : used in base member initializer list
     1>..\wordrec\wordrec.cpp(64): warning C4355: 'this' : used in base member initializer list
     1>..\wordrec\wordrec.cpp(66): warning C4355: 'this' : used in base member initializer list
     1>..\wordrec\wordrec.cpp(68): warning C4355: 'this' : used in base member initializer list
     1>..\wordrec\wordrec.cpp(70): warning C4355: 'this' : used in base member initializer list
     1>..\wordrec\wordrec.cpp(72): warning C4355: 'this' : used in base member initializer list
     1>..\wordrec\wordrec.cpp(74): warning C4355: 'this' : used in base member initializer list
     1>..\wordrec\wordrec.cpp(76): warning C4355: 'this' : used in base member initializer list
     1>..\wordrec\wordrec.cpp(78): warning C4355: 'this' : used in base member initializer list
     1>..\wordrec\wordrec.cpp(80): warning C4355: 'this' : used in base member initializer list
     1>..\wordrec\wordrec.cpp(83): warning C4355: 'this' : used in base member initializer list
     1>..\wordrec\wordrec.cpp(86): warning C4355: 'this' : used in base member initializer list
     1>..\wordrec\wordrec.cpp(91): warning C4355: 'this' : used in base member initializer list
     1>..\wordrec\wordrec.cpp(94): warning C4355: 'this' : used in base member initializer list
     1>..\wordrec\wordrec.cpp(97): warning C4355: 'this' : used in base member initializer list
     1>..\wordrec\wordrec.cpp(100): warning C4355: 'this' : used in base member initializer list
     1>..\wordrec\wordrec.cpp(103): warning C4355: 'this' : used in base member initializer list
     1>..\wordrec\wordrec.cpp(105): warning C4355: 'this' : used in base member initializer list
     1>..\wordrec\wordrec.cpp(107): warning C4355: 'this' : used in base member initializer list
     1>..\wordrec\wordrec.cpp(109): warning C4355: 'this' : used in base member initializer list
     1>..\wordrec\wordrec.cpp(112): warning C4355: 'this' : used in base member initializer list
     1>..\wordrec\wordrec.cpp(116): warning C4355: 'this' : used in base member initializer list
     1>..\wordrec\wordrec.cpp(118): warning C4355: 'this' : used in base member initializer list
     1>..\wordrec\wordrec.cpp(122): warning C4355: 'this' : used in base member initializer list
       Lib:
         C:\Program Files (x86)\Microsoft Visual Studio 10.0\VC\bin\Lib.exe /OUT:"C:\Users\Salman\NUS\EE4001\Research\TesseractEngine3DotNetWrapper_RC2 _r552\tesseract_r552\vs2008\Release\wordrec.lib" /NOLOGO /LTCG Release\wordrec\associate.obj
         Release\wordrec\bestfirst.obj
         Release\wordrec\chop.obj
         Release\wordrec\chopper.obj
         Release\wordrec\closed.obj
         Release\wordrec\drawfx.obj
         Release\wordrec\findseam.obj
         Release\wordrec\gradechop.obj
         Release\wordrec\heuristic.obj
         Release\wordrec\language_model.obj
         Release\wordrec\makechop.obj
         Release\wordrec\matchtab.obj
         Release\wordrec\olutil.obj
         Release\wordrec\outlines.obj
         Release\wordrec\pieces.obj
         Release\wordrec\plotedges.obj
         Release\wordrec\plotseg.obj
         Release\wordrec\render.obj
         Release\wordrec\segsearch.obj
         Release\wordrec\tally.obj
         Release\wordrec\tface.obj
         Release\wordrec\wordclass.obj
         Release\wordrec\wordrec.obj
         wordrec.vcxproj -> C:\Users\Salman\NUS\EE4001\Research\TesseractEngine3DotNetWrapper_RC2 _r552\tesseract_r552\vs2008\Release\wordrec.lib
       FinalizeBuildStatus:
         Deleting file "Release\wordrec\wordrec.unsuccessfulbuild".
         Touching "Release\wordrec\wordrec.lastbuildstate".
     1>Done Building Project "C:\Users\Salman\NUS\EE4001\Research\TesseractEngine3DotNetWrapper_RC2 _r552\tesseract_r552\vs2008\wordrec.vcxproj" (rebuild target(s)).

Build succeeded.

Time Elapsed 00:00:54.21
