C:\USERS\SALMAN\NUS\EE4001\RESEARCH\TESSERACTENGINE3DOTNETWRAPPER_RC2 _R552\TESSERACT_R552\VS2008\RELEASE\WORDREC.LIB
C:\USERS\SALMAN\NUS\EE4001\RESEARCH\TESSERACTENGINE3DOTNETWRAPPER_RC2 _R552\TESSERACT_R552\VS2008\RELEASE\WORDREC\ASSOCIATE.OBJ
C:\USERS\SALMAN\NUS\EE4001\RESEARCH\TESSERACTENGINE3DOTNETWRAPPER_RC2 _R552\TESSERACT_R552\VS2008\RELEASE\WORDREC\BESTFIRST.OBJ
C:\USERS\SALMAN\NUS\EE4001\RESEARCH\TESSERACTENGINE3DOTNETWRAPPER_RC2 _R552\TESSERACT_R552\VS2008\RELEASE\WORDREC\CHOP.OBJ
C:\USERS\SALMAN\NUS\EE4001\RESEARCH\TESSERACTENGINE3DOTNETWRAPPER_RC2 _R552\TESSERACT_R552\VS2008\RELEASE\WORDREC\CHOPPER.OBJ
C:\Users\Salman\NUS\EE4001\Research\TesseractEngine3DotNetWrapper_RC2 _r552\tesseract_r552\vs2008\Release\wordrec\cl.command.1.tlog
C:\Users\Salman\NUS\EE4001\Research\TesseractEngine3DotNetWrapper_RC2 _r552\tesseract_r552\vs2008\Release\wordrec\CL.read.1.tlog
C:\Users\Salman\NUS\EE4001\Research\TesseractEngine3DotNetWrapper_RC2 _r552\tesseract_r552\vs2008\Release\wordrec\CL.write.1.tlog
C:\USERS\SALMAN\NUS\EE4001\RESEARCH\TESSERACTENGINE3DOTNETWRAPPER_RC2 _R552\TESSERACT_R552\VS2008\RELEASE\WORDREC\CLOSED.OBJ
C:\USERS\SALMAN\NUS\EE4001\RESEARCH\TESSERACTENGINE3DOTNETWRAPPER_RC2 _R552\TESSERACT_R552\VS2008\RELEASE\WORDREC\DRAWFX.OBJ
C:\USERS\SALMAN\NUS\EE4001\RESEARCH\TESSERACTENGINE3DOTNETWRAPPER_RC2 _R552\TESSERACT_R552\VS2008\RELEASE\WORDREC\FINDSEAM.OBJ
C:\USERS\SALMAN\NUS\EE4001\RESEARCH\TESSERACTENGINE3DOTNETWRAPPER_RC2 _R552\TESSERACT_R552\VS2008\RELEASE\WORDREC\GRADECHOP.OBJ
C:\USERS\SALMAN\NUS\EE4001\RESEARCH\TESSERACTENGINE3DOTNETWRAPPER_RC2 _R552\TESSERACT_R552\VS2008\RELEASE\WORDREC\HEURISTIC.OBJ
C:\USERS\SALMAN\NUS\EE4001\RESEARCH\TESSERACTENGINE3DOTNETWRAPPER_RC2 _R552\TESSERACT_R552\VS2008\RELEASE\WORDREC\LANGUAGE_MODEL.OBJ
C:\Users\Salman\NUS\EE4001\Research\TesseractEngine3DotNetWrapper_RC2 _r552\tesseract_r552\vs2008\Release\wordrec\lib.command.1.tlog
C:\Users\Salman\NUS\EE4001\Research\TesseractEngine3DotNetWrapper_RC2 _r552\tesseract_r552\vs2008\Release\wordrec\Lib-link.read.1.tlog
C:\Users\Salman\NUS\EE4001\Research\TesseractEngine3DotNetWrapper_RC2 _r552\tesseract_r552\vs2008\Release\wordrec\Lib-link.write.1.tlog
C:\USERS\SALMAN\NUS\EE4001\RESEARCH\TESSERACTENGINE3DOTNETWRAPPER_RC2 _R552\TESSERACT_R552\VS2008\RELEASE\WORDREC\MAKECHOP.OBJ
C:\USERS\SALMAN\NUS\EE4001\RESEARCH\TESSERACTENGINE3DOTNETWRAPPER_RC2 _R552\TESSERACT_R552\VS2008\RELEASE\WORDREC\MATCHTAB.OBJ
C:\USERS\SALMAN\NUS\EE4001\RESEARCH\TESSERACTENGINE3DOTNETWRAPPER_RC2 _R552\TESSERACT_R552\VS2008\RELEASE\WORDREC\OLUTIL.OBJ
C:\USERS\SALMAN\NUS\EE4001\RESEARCH\TESSERACTENGINE3DOTNETWRAPPER_RC2 _R552\TESSERACT_R552\VS2008\RELEASE\WORDREC\OUTLINES.OBJ
C:\USERS\SALMAN\NUS\EE4001\RESEARCH\TESSERACTENGINE3DOTNETWRAPPER_RC2 _R552\TESSERACT_R552\VS2008\RELEASE\WORDREC\PIECES.OBJ
C:\USERS\SALMAN\NUS\EE4001\RESEARCH\TESSERACTENGINE3DOTNETWRAPPER_RC2 _R552\TESSERACT_R552\VS2008\RELEASE\WORDREC\PLOTEDGES.OBJ
C:\USERS\SALMAN\NUS\EE4001\RESEARCH\TESSERACTENGINE3DOTNETWRAPPER_RC2 _R552\TESSERACT_R552\VS2008\RELEASE\WORDREC\PLOTSEG.OBJ
C:\USERS\SALMAN\NUS\EE4001\RESEARCH\TESSERACTENGINE3DOTNETWRAPPER_RC2 _R552\TESSERACT_R552\VS2008\RELEASE\WORDREC\RENDER.OBJ
C:\USERS\SALMAN\NUS\EE4001\RESEARCH\TESSERACTENGINE3DOTNETWRAPPER_RC2 _R552\TESSERACT_R552\VS2008\RELEASE\WORDREC\SEGSEARCH.OBJ
C:\USERS\SALMAN\NUS\EE4001\RESEARCH\TESSERACTENGINE3DOTNETWRAPPER_RC2 _R552\TESSERACT_R552\VS2008\RELEASE\WORDREC\TALLY.OBJ
C:\USERS\SALMAN\NUS\EE4001\RESEARCH\TESSERACTENGINE3DOTNETWRAPPER_RC2 _R552\TESSERACT_R552\VS2008\RELEASE\WORDREC\TFACE.OBJ
C:\USERS\SALMAN\NUS\EE4001\RESEARCH\TESSERACTENGINE3DOTNETWRAPPER_RC2 _R552\TESSERACT_R552\VS2008\RELEASE\WORDREC\VC100.PDB
C:\USERS\SALMAN\NUS\EE4001\RESEARCH\TESSERACTENGINE3DOTNETWRAPPER_RC2 _R552\TESSERACT_R552\VS2008\RELEASE\WORDREC\WORDCLASS.OBJ
C:\USERS\SALMAN\NUS\EE4001\RESEARCH\TESSERACTENGINE3DOTNETWRAPPER_RC2 _R552\TESSERACT_R552\VS2008\RELEASE\WORDREC\WORDREC.OBJ
C:\Users\Salman\NUS\EE4001\Research\TesseractEngine3DotNetWrapper_RC2 _r552\tesseract_r552\vs2008\Release\wordrec\wordrec.write.1.tlog
