C:\USERS\SALMAN\NUS\EE4001\RESEARCH\TESSERACTENGINE3DOTNETWRAPPER_RC2 _R552\TESSERACT_R552\VS2008\RELEASE\TESSERACT\BASEAPI.OBJ
C:\Users\Salman\NUS\EE4001\Research\TesseractEngine3DotNetWrapper_RC2 _r552\tesseract_r552\vs2008\Release\tesseract\cl.command.1.tlog
C:\Users\Salman\NUS\EE4001\Research\TesseractEngine3DotNetWrapper_RC2 _r552\tesseract_r552\vs2008\Release\tesseract\CL.read.1.tlog
C:\Users\Salman\NUS\EE4001\Research\TesseractEngine3DotNetWrapper_RC2 _r552\tesseract_r552\vs2008\Release\tesseract\CL.write.1.tlog
C:\Users\Salman\NUS\EE4001\Research\TesseractEngine3DotNetWrapper_RC2 _r552\tesseract_r552\vs2008\Release\tesseract\link.command.1.tlog
C:\Users\Salman\NUS\EE4001\Research\TesseractEngine3DotNetWrapper_RC2 _r552\tesseract_r552\vs2008\Release\tesseract\link.read.1.tlog
C:\Users\Salman\NUS\EE4001\Research\TesseractEngine3DotNetWrapper_RC2 _r552\tesseract_r552\vs2008\Release\tesseract\link.write.1.tlog
C:\Users\Salman\NUS\EE4001\Research\TesseractEngine3DotNetWrapper_RC2 _r552\tesseract_r552\vs2008\Release\tesseract\metagen.read.1.tlog
C:\Users\Salman\NUS\EE4001\Research\TesseractEngine3DotNetWrapper_RC2 _r552\tesseract_r552\vs2008\Release\tesseract\metagen.write.1.tlog
C:\Users\Salman\NUS\EE4001\Research\TesseractEngine3DotNetWrapper_RC2 _r552\tesseract_r552\vs2008\Release\tesseract\mt.command.1.tlog
C:\Users\Salman\NUS\EE4001\Research\TesseractEngine3DotNetWrapper_RC2 _r552\tesseract_r552\vs2008\Release\tesseract\mt.read.1.tlog
C:\Users\Salman\NUS\EE4001\Research\TesseractEngine3DotNetWrapper_RC2 _r552\tesseract_r552\vs2008\Release\tesseract\mt.write.1.tlog
C:\USERS\SALMAN\NUS\EE4001\RESEARCH\TESSERACTENGINE3DOTNETWRAPPER_RC2 _R552\TESSERACT_R552\VS2008\RELEASE\TESSERACT\PAGEITERATOR.OBJ
C:\USERS\SALMAN\NUS\EE4001\RESEARCH\TESSERACTENGINE3DOTNETWRAPPER_RC2 _R552\TESSERACT_R552\VS2008\RELEASE\TESSERACT\RESULTITERATOR.OBJ
C:\USERS\SALMAN\NUS\EE4001\RESEARCH\TESSERACTENGINE3DOTNETWRAPPER_RC2 _R552\TESSERACT_R552\VS2008\RELEASE\TESSERACT\TESSERACT.DLL.INTERMEDIATE.MANIFEST
C:\Users\Salman\NUS\EE4001\Research\TesseractEngine3DotNetWrapper_RC2 _r552\tesseract_r552\vs2008\Release\tesseract\tesseract.vcxprojResolveAssemblyReference.cache
C:\Users\Salman\NUS\EE4001\Research\TesseractEngine3DotNetWrapper_RC2 _r552\tesseract_r552\vs2008\Release\tesseract\tesseract.write.1.tlog
C:\USERS\SALMAN\NUS\EE4001\RESEARCH\TESSERACTENGINE3DOTNETWRAPPER_RC2 _R552\TESSERACT_R552\VS2008\RELEASE\TESSERACT\TESSERACTENGINEWRAPPER.OBJ
C:\USERS\SALMAN\NUS\EE4001\RESEARCH\TESSERACTENGINE3DOTNETWRAPPER_RC2 _R552\TESSERACT_R552\VS2008\RELEASE\TESSERACT\TESSERACTMAIN.OBJ
C:\USERS\SALMAN\NUS\EE4001\RESEARCH\TESSERACTENGINE3DOTNETWRAPPER_RC2 _R552\TESSERACT_R552\VS2008\RELEASE\TESSERACT\VC100.PDB
C:\USERS\SALMAN\NUS\EE4001\RESEARCH\TESSERACTENGINE3DOTNETWRAPPER_RC2 _R552\TESSERACT_R552\VS2008\TESSERACTENGINE3.DLL
