Build started 21/8/2012 10:27:14 PM.
     1>Project "C:\Users\Salman\NUS\EE4001\Research\TesseractEngine3DotNetWrapper_RC2 _r552\tesseract_r552\vs2008\tesseract.vcxproj" on node 8 (rebuild target(s)).
     1>_PrepareForClean:
         Deleting file "Release\tesseract\tesseract.lastbuildstate".
       InitializeBuildStatus:
         Creating "Release\tesseract\tesseract.unsuccessfulbuild" because "AlwaysCreate" was specified.
       ClCompile:
         C:\Program Files (x86)\Microsoft Visual Studio 10.0\VC\bin\CL.exe /c /I..\api /I..\ccmain /I..\ccutil /I..\ccstruct /I..\classify /I..\cutil /I..\dict /I..\display /I..\image /I..\textord /I..\viewer /I..\wordrec /I..\pageseg /I. /Iinclude /Iinclude\leptonica /I..\vs2008\port /AI"C:\Program Files (x86)\Reference Assemblies\Microsoft\Framework\.NETFramework\v4.0" /Zi /clr:oldSyntax /nologo /W3 /WX- /O2 /Ob1 /Oy- /GL /D NDEBUG /D WIN32 /D _WINDOWS /D __MSW32__ /D _CRT_SECURE_NO_WARNINGS /D HAVE_LIBLEPT /D _VC80_UPGRADE=0x0600 /D _WINDLL /D _MBCS /GF /EHa /MD /GS /Gy /fp:precise /Zc:wchar_t /Zc:forScope /Fo"Release\tesseract\\" /Fd"Release\tesseract\vc100.pdb" /TP /FU"C:\Program Files (x86)\Reference Assemblies\Microsoft\Framework\.NETFramework\v4.0\System.Core.dll" /FU"C:\Program Files (x86)\Reference Assemblies\Microsoft\Framework\.NETFramework\v4.0\System.dll" /FU"C:\Program Files (x86)\Reference Assemblies\Microsoft\Framework\.NETFramework\v4.0\System.Drawing.dll" /analyze- /errorReport:prompt ..\api\baseapi.cpp ..\api\pageiterator.cpp ..\api\resultiterator.cpp ..\api\tesseractenginewrapper.cpp ..\api\tesseractmain.cpp /clr:nostdlib /wd4244 /wd4018 /wd4305 /wd4800 /wd4996 
     1>cl : Command line warning D9035: option 'clr:oldsyntax' has been deprecated and will be removed in a future release
         baseapi.cpp
     1>c:\users\salman\nus\ee4001\research\tesseractengine3dotnetwrapper_rc2 _r552\tesseract_r552\ccutil\platform.h(5): warning C4005: 'snprintf' : macro redefinition
                 c:\users\salman\nus\ee4001\research\tesseractengine3dotnetwrapper_rc2 _r552\tesseract_r552\vs2008\include\leptonica\environ.h(277) : see previous definition of 'snprintf'
     1>c:\users\salman\nus\ee4001\research\tesseractengine3dotnetwrapper_rc2 _r552\tesseract_r552\ccstruct\blobs.h(67): warning C4099: 'EDGEPT' : type name first seen using 'class' now seen using 'struct'
                 c:\users\salman\nus\ee4001\research\tesseractengine3dotnetwrapper_rc2 _r552\tesseract_r552\ccstruct\vecfuncs.h(31) : see declaration of 'EDGEPT'
     1>c:\users\salman\nus\ee4001\research\tesseractengine3dotnetwrapper_rc2 _r552\tesseract_r552\ccstruct\normalis.h(34): warning C4099: 'TBLOB' : type name first seen using 'struct' now seen using 'class'
                 C:\Users\Salman\NUS\EE4001\Research\TesseractEngine3DotNetWrapper_RC2 _r552\tesseract_r552\ccstruct\blobs.h(164) : see declaration of 'TBLOB'
     1>c:\users\salman\nus\ee4001\research\tesseractengine3dotnetwrapper_rc2 _r552\tesseract_r552\ccstruct\normalis.h(36): warning C4099: 'TPOINT' : type name first seen using 'struct' now seen using 'class'
                 C:\Users\Salman\NUS\EE4001\Research\TesseractEngine3DotNetWrapper_RC2 _r552\tesseract_r552\ccstruct\blobs.h(52) : see declaration of 'TPOINT'
         pageiterator.cpp
     1>c:\users\salman\nus\ee4001\research\tesseractengine3dotnetwrapper_rc2 _r552\tesseract_r552\ccutil\platform.h(5): warning C4005: 'snprintf' : macro redefinition
                 c:\users\salman\nus\ee4001\research\tesseractengine3dotnetwrapper_rc2 _r552\tesseract_r552\vs2008\include\leptonica\environ.h(277) : see previous definition of 'snprintf'
     1>c:\users\salman\nus\ee4001\research\tesseractengine3dotnetwrapper_rc2 _r552\tesseract_r552\ccstruct\blobs.h(67): warning C4099: 'EDGEPT' : type name first seen using 'class' now seen using 'struct'
                 c:\users\salman\nus\ee4001\research\tesseractengine3dotnetwrapper_rc2 _r552\tesseract_r552\ccstruct\vecfuncs.h(31) : see declaration of 'EDGEPT'
     1>c:\users\salman\nus\ee4001\research\tesseractengine3dotnetwrapper_rc2 _r552\tesseract_r552\ccstruct\normalis.h(34): warning C4099: 'TBLOB' : type name first seen using 'struct' now seen using 'class'
                 c:\users\salman\nus\ee4001\research\tesseractengine3dotnetwrapper_rc2 _r552\tesseract_r552\ccstruct\blobs.h(164) : see declaration of 'TBLOB'
     1>c:\users\salman\nus\ee4001\research\tesseractengine3dotnetwrapper_rc2 _r552\tesseract_r552\ccstruct\normalis.h(36): warning C4099: 'TPOINT' : type name first seen using 'struct' now seen using 'class'
                 c:\users\salman\nus\ee4001\research\tesseractengine3dotnetwrapper_rc2 _r552\tesseract_r552\ccstruct\blobs.h(52) : see declaration of 'TPOINT'
         resultiterator.cpp
     1>c:\users\salman\nus\ee4001\research\tesseractengine3dotnetwrapper_rc2 _r552\tesseract_r552\ccutil\platform.h(5): warning C4005: 'snprintf' : macro redefinition
                 c:\users\salman\nus\ee4001\research\tesseractengine3dotnetwrapper_rc2 _r552\tesseract_r552\vs2008\include\leptonica\environ.h(277) : see previous definition of 'snprintf'
     1>c:\users\salman\nus\ee4001\research\tesseractengine3dotnetwrapper_rc2 _r552\tesseract_r552\ccstruct\blobs.h(67): warning C4099: 'EDGEPT' : type name first seen using 'class' now seen using 'struct'
                 c:\users\salman\nus\ee4001\research\tesseractengine3dotnetwrapper_rc2 _r552\tesseract_r552\ccstruct\vecfuncs.h(31) : see declaration of 'EDGEPT'
     1>c:\users\salman\nus\ee4001\research\tesseractengine3dotnetwrapper_rc2 _r552\tesseract_r552\ccstruct\normalis.h(34): warning C4099: 'TBLOB' : type name first seen using 'struct' now seen using 'class'
                 c:\users\salman\nus\ee4001\research\tesseractengine3dotnetwrapper_rc2 _r552\tesseract_r552\ccstruct\blobs.h(164) : see declaration of 'TBLOB'
     1>c:\users\salman\nus\ee4001\research\tesseractengine3dotnetwrapper_rc2 _r552\tesseract_r552\ccstruct\normalis.h(36): warning C4099: 'TPOINT' : type name first seen using 'struct' now seen using 'class'
                 c:\users\salman\nus\ee4001\research\tesseractengine3dotnetwrapper_rc2 _r552\tesseract_r552\ccstruct\blobs.h(52) : see declaration of 'TPOINT'
         tesseractenginewrapper.cpp
     1>c:\users\salman\nus\ee4001\research\tesseractengine3dotnetwrapper_rc2 _r552\tesseract_r552\ccutil\platform.h(5): warning C4005: 'snprintf' : macro redefinition
                 c:\users\salman\nus\ee4001\research\tesseractengine3dotnetwrapper_rc2 _r552\tesseract_r552\vs2008\include\leptonica\environ.h(277) : see previous definition of 'snprintf'
     1>c:\users\salman\nus\ee4001\research\tesseractengine3dotnetwrapper_rc2 _r552\tesseract_r552\ccstruct\normalis.h(34): warning C4099: 'TBLOB' : type name first seen using 'struct' now seen using 'class'
                 c:\users\salman\nus\ee4001\research\tesseractengine3dotnetwrapper_rc2 _r552\tesseract_r552\api\..\api\baseapi.h(51) : see declaration of 'TBLOB'
     1>c:\users\salman\nus\ee4001\research\tesseractengine3dotnetwrapper_rc2 _r552\tesseract_r552\ccstruct\blobs.h(52): warning C4099: 'TPOINT' : type name first seen using 'class' now seen using 'struct'
                 c:\users\salman\nus\ee4001\research\tesseractengine3dotnetwrapper_rc2 _r552\tesseract_r552\ccstruct\normalis.h(36) : see declaration of 'TPOINT'
     1>c:\users\salman\nus\ee4001\research\tesseractengine3dotnetwrapper_rc2 _r552\tesseract_r552\ccstruct\blobs.h(67): warning C4099: 'EDGEPT' : type name first seen using 'class' now seen using 'struct'
                 c:\users\salman\nus\ee4001\research\tesseractengine3dotnetwrapper_rc2 _r552\tesseract_r552\ccstruct\vecfuncs.h(31) : see declaration of 'EDGEPT'
     1>c:\users\salman\nus\ee4001\research\tesseractengine3dotnetwrapper_rc2 _r552\tesseract_r552\api\tesseractenginewrapper.h(208): warning C4482: nonstandard extension used: enum 'tesseract::OcrEngineMode' used in qualified name
     1>c:\users\salman\nus\ee4001\research\tesseractengine3dotnetwrapper_rc2 _r552\tesseract_r552\api\tesseractenginewrapper.h(210): warning C4482: nonstandard extension used: enum 'tesseract::OcrEngineMode' used in qualified name
     1>c:\users\salman\nus\ee4001\research\tesseractengine3dotnetwrapper_rc2 _r552\tesseract_r552\api\tesseractenginewrapper.h(212): warning C4482: nonstandard extension used: enum 'tesseract::OcrEngineMode' used in qualified name
     1>c:\users\salman\nus\ee4001\research\tesseractengine3dotnetwrapper_rc2 _r552\tesseract_r552\api\tesseractenginewrapper.h(214): warning C4482: nonstandard extension used: enum 'tesseract::OcrEngineMode' used in qualified name
     1>c:\users\salman\nus\ee4001\research\tesseractengine3dotnetwrapper_rc2 _r552\tesseract_r552\api\tesseractenginewrapper.h(219): warning C4482: nonstandard extension used: enum 'tesseract::OcrEngineMode' used in qualified name
         tesseractmain.cpp
     1>c:\users\salman\nus\ee4001\research\tesseractengine3dotnetwrapper_rc2 _r552\tesseract_r552\ccutil\platform.h(5): warning C4005: 'snprintf' : macro redefinition
                 c:\users\salman\nus\ee4001\research\tesseractengine3dotnetwrapper_rc2 _r552\tesseract_r552\vs2008\include\leptonica\environ.h(277) : see previous definition of 'snprintf'
     1>c:\users\salman\nus\ee4001\research\tesseractengine3dotnetwrapper_rc2 _r552\tesseract_r552\ccstruct\blobs.h(67): warning C4099: 'EDGEPT' : type name first seen using 'class' now seen using 'struct'
                 c:\users\salman\nus\ee4001\research\tesseractengine3dotnetwrapper_rc2 _r552\tesseract_r552\ccstruct\vecfuncs.h(31) : see declaration of 'EDGEPT'
     1>C:\Program Files (x86)\MSBuild\Microsoft.Cpp\v4.0\Microsoft.CppBuild.targets(990,5): warning MSB8012: TargetPath(C:\Users\Salman\NUS\EE4001\Research\TesseractEngine3DotNetWrapper_RC2 _r552\tesseract_r552\vs2008\Release\tesseract.dll) does not match the Linker's OutputFile property value (C:\Users\Salman\NUS\EE4001\Research\TesseractEngine3DotNetWrapper_RC2 _r552\tesseract_r552\vs2008\tesseractengine3.dll). This may cause your project to build incorrectly. To correct this, please make sure that $(OutDir), $(TargetName) and $(TargetExt) property values match the value specified in %(Link.OutputFile).
     1>C:\Program Files (x86)\MSBuild\Microsoft.Cpp\v4.0\Microsoft.CppBuild.targets(992,5): warning MSB8012: TargetName(tesseract) does not match the Linker's OutputFile property value (tesseractengine3). This may cause your project to build incorrectly. To correct this, please make sure that $(OutDir), $(TargetName) and $(TargetExt) property values match the value specified in %(Link.OutputFile).
       Link:
         C:\Program Files (x86)\Microsoft Visual Studio 10.0\VC\bin\link.exe /ERRORREPORT:PROMPT /OUT:"tesseractengine3.dll" /VERSION:"3.01" /INCREMENTAL:NO /NOLOGO /LIBPATH:.\lib ws2_32.lib user32.lib "zlib-static-mtdll.lib" "libpng-static-mtdll.lib" "libjpeg-static-mtdll.lib" "libtiff-static-mtdll.lib" "giflib-static-mtdll.lib" "liblept-static-mtdll.lib" kernel32.lib user32.lib gdi32.lib winspool.lib comdlg32.lib advapi32.lib shell32.lib ole32.lib oleaut32.lib uuid.lib odbc32.lib odbccp32.lib /MANIFEST /ManifestFile:"Release\tesseract\tesseract.dll.intermediate.manifest" /MANIFESTUAC:"level='asInvoker' uiAccess='false'" /PDB:".\./tesseract.pdb" /SUBSYSTEM:CONSOLE /LTCG /TLBID:1 /DYNAMICBASE:NO /FIXED:NO /MACHINE:X86 /DLL Release\tesseract\baseapi.obj
         Release\tesseract\pageiterator.obj
         Release\tesseract\resultiterator.obj
         Release\tesseract\tesseractenginewrapper.obj
         Release\tesseract\tesseractmain.obj
         "C:\Users\Salman\NUS\EE4001\Research\TesseractEngine3DotNetWrapper_RC2 _r552\tesseract_r552\vs2008\Release\ccmain.lib"
         "C:\Users\Salman\NUS\EE4001\Research\TesseractEngine3DotNetWrapper_RC2 _r552\tesseract_r552\vs2008\Release\ccstruct.lib"
         "C:\Users\Salman\NUS\EE4001\Research\TesseractEngine3DotNetWrapper_RC2 _r552\tesseract_r552\vs2008\Release\ccutil.lib"
         "C:\Users\Salman\NUS\EE4001\Research\TesseractEngine3DotNetWrapper_RC2 _r552\tesseract_r552\vs2008\Release\classify.lib"
         "C:\Users\Salman\NUS\EE4001\Research\TesseractEngine3DotNetWrapper_RC2 _r552\tesseract_r552\vs2008\Release\cube.lib"
         "C:\Users\Salman\NUS\EE4001\Research\TesseractEngine3DotNetWrapper_RC2 _r552\tesseract_r552\vs2008\Release\cutil.lib"
         "C:\Users\Salman\NUS\EE4001\Research\TesseractEngine3DotNetWrapper_RC2 _r552\tesseract_r552\vs2008\Release\dict.lib"
         "C:\Users\Salman\NUS\EE4001\Research\TesseractEngine3DotNetWrapper_RC2 _r552\tesseract_r552\vs2008\Release\image.lib"
         "C:\Users\Salman\NUS\EE4001\Research\TesseractEngine3DotNetWrapper_RC2 _r552\tesseract_r552\vs2008\Release\neural_networks.lib"
         "C:\Users\Salman\NUS\EE4001\Research\TesseractEngine3DotNetWrapper_RC2 _r552\tesseract_r552\vs2008\Release\textord.lib"
         "C:\Users\Salman\NUS\EE4001\Research\TesseractEngine3DotNetWrapper_RC2 _r552\tesseract_r552\vs2008\Release\viewer.lib"
         "C:\Users\Salman\NUS\EE4001\Research\TesseractEngine3DotNetWrapper_RC2 _r552\tesseract_r552\vs2008\Release\wordrec.lib" /LTCG /NODEFAULTLIB:library 
         Generating code
         Finished generating code
     1>image.lib(imgs.obj) : warning LNK4049: locally defined symbol _l_setDataByte imported
     1>image.lib(imgs.obj) : warning LNK4049: locally defined symbol _l_getDataBit imported
     1>image.lib(imgs.obj) : warning LNK4049: locally defined symbol _l_getDataByte imported
     1>baseapi.obj : warning LNK4248: unresolved typeref token (01000017) for 'tesseract.CubeRecoContext'; image may not run
     1>baseapi.obj : warning LNK4248: unresolved typeref token (0100001C) for 'timezone'; image may not run
         tesseract.vcxproj -> C:\Users\Salman\NUS\EE4001\Research\TesseractEngine3DotNetWrapper_RC2 _r552\tesseract_r552\vs2008\Release\tesseract.dll
       Manifest:
         C:\Program Files (x86)\Microsoft SDKs\Windows\v7.0A\bin\mt.exe /nologo /verbose /outputresource:"tesseractengine3.dll;#2" /manifest Release\tesseract\tesseract.dll.intermediate.manifest
       FinalizeBuildStatus:
         Deleting file "Release\tesseract\tesseract.unsuccessfulbuild".
         Touching "Release\tesseract\tesseract.lastbuildstate".
     1>Done Building Project "C:\Users\Salman\NUS\EE4001\Research\TesseractEngine3DotNetWrapper_RC2 _r552\tesseract_r552\vs2008\tesseract.vcxproj" (rebuild target(s)).

Build succeeded.

Time Elapsed 00:00:56.75
