Build started 21/8/2012 10:27:14 PM.
     1>Project "C:\Users\Salman\NUS\EE4001\Research\TesseractEngine3DotNetWrapper_RC2 _r552\tesseract_r552\vs2008\combine_tessdata.vcxproj" on node 3 (rebuild target(s)).
     1>_PrepareForClean:
         Deleting file "Release\combine_tessdata\combine_tessdata.lastbuildstate".
       InitializeBuildStatus:
         Creating "Release\combine_tessdata\combine_tessdata.unsuccessfulbuild" because "AlwaysCreate" was specified.
       ClCompile:
         C:\Program Files (x86)\Microsoft Visual Studio 10.0\VC\bin\CL.exe /c /I../ccutil /I../ccstruct /I../classify /I../cutil /I../training /I../viewer /I../dict /Zi /nologo /W3 /WX- /O2 /Ob1 /Oy- /GL /D TRAINING /D WIN32 /D _WINDOWS /D __NT__ /D __MSW32__ /D _CRT_SECURE_NO_WARNINGS /D _VC80_UPGRADE=0x0600 /GF /Gm- /EHsc /MD /GS /Gy /fp:precise /Zc:wchar_t /Zc:forScope /Fo"Release\combine_tessdata\\" /Fd"Release\combine_tessdata\vc100.pdb" /Gd /TP /analyze- /errorReport:prompt ..\training\combine_tessdata.cpp /wd4244 /wd4018 /wd4305 /wd4800 /wd4996 
         combine_tessdata.cpp
     1>C:\Program Files (x86)\MSBuild\Microsoft.Cpp\v4.0\Microsoft.CppBuild.targets(990,5): warning MSB8012: TargetPath(C:\Users\Salman\NUS\EE4001\Research\TesseractEngine3DotNetWrapper_RC2 _r552\tesseract_r552\vs2008\..\combine_tessdata.exe) does not match the Linker's OutputFile property value (C:\Users\Salman\NUS\EE4001\Research\TesseractEngine3DotNetWrapper_RC2 _r552\tesseract_r552\vs2008\bin\combine_tessdata.exe). This may cause your project to build incorrectly. To correct this, please make sure that $(OutDir), $(TargetName) and $(TargetExt) property values match the value specified in %(Link.OutputFile).
       Link:
         C:\Program Files (x86)\Microsoft Visual Studio 10.0\VC\bin\link.exe /ERRORREPORT:PROMPT /OUT:".\bin\combine_tessdata.exe" /INCREMENTAL:NO /NOLOGO ws2_32.lib user32.lib kernel32.lib user32.lib gdi32.lib winspool.lib comdlg32.lib advapi32.lib shell32.lib ole32.lib oleaut32.lib uuid.lib odbc32.lib odbccp32.lib /MANIFEST /ManifestFile:"Release\combine_tessdata\combine_tessdata.exe.intermediate.manifest" /MANIFESTUAC:"level='asInvoker' uiAccess='false'" /PDB:"C:\Users\Salman\NUS\EE4001\Research\TesseractEngine3DotNetWrapper_RC2 _r552\tesseract_r552\combine_tessdata.pdb" /SUBSYSTEM:CONSOLE /LTCG /TLBID:1 /DYNAMICBASE:NO /IMPLIB:"..\combine_tessdata.lib" /MACHINE:X86 Release\combine_tessdata\combine_tessdata.obj
         "C:\Users\Salman\NUS\EE4001\Research\TesseractEngine3DotNetWrapper_RC2 _r552\tesseract_r552\vs2008\Release\ccutil.lib" /NODEFAULTLIB:library 
         Generating code
         Finished generating code
         combine_tessdata.vcxproj -> C:\Users\Salman\NUS\EE4001\Research\TesseractEngine3DotNetWrapper_RC2 _r552\tesseract_r552\vs2008\..\combine_tessdata.exe
       Manifest:
         C:\Program Files (x86)\Microsoft SDKs\Windows\v7.0A\bin\mt.exe /nologo /verbose /outputresource:".\bin\combine_tessdata.exe;#1" /manifest Release\combine_tessdata\combine_tessdata.exe.intermediate.manifest
       FinalizeBuildStatus:
         Deleting file "Release\combine_tessdata\combine_tessdata.unsuccessfulbuild".
         Touching "Release\combine_tessdata\combine_tessdata.lastbuildstate".
     1>Done Building Project "C:\Users\Salman\NUS\EE4001\Research\TesseractEngine3DotNetWrapper_RC2 _r552\tesseract_r552\vs2008\combine_tessdata.vcxproj" (rebuild target(s)).

Build succeeded.

Time Elapsed 00:00:42.71
