Build started 21/8/2012 10:25:39 PM.
     1>Project "C:\Users\Salman\NUS\EE4001\Research\TesseractEngine3DotNetWrapper_RC2 _r552\tesseract_r552\vs2008\cutil.vcxproj" on node 7 (rebuild target(s)).
     1>_PrepareForClean:
         Deleting file "Release\cutil\cutil.lastbuildstate".
       InitializeBuildStatus:
         Creating "Release\cutil\cutil.unsuccessfulbuild" because "AlwaysCreate" was specified.
       ClCompile:
         C:\Program Files (x86)\Microsoft Visual Studio 10.0\VC\bin\CL.exe /c /I..\ccutil /I..\viewer /Zi /nologo /W3 /WX- /O2 /Oi /Oy- /GL /D WIN32 /D NDEBUG /D _LIB /D __MSW32__ /D _CRT_SECURE_NO_WARNINGS /D _MBCS /Gm- /EHsc /MD /GS /Gy /fp:precise /Zc:wchar_t /Zc:forScope /Fo"Release\cutil\\" /Fd"Release\cutil\vc100.pdb" /Gd /TP /analyze- /errorReport:prompt ..\cutil\bitvec.cpp ..\cutil\cutil.cpp ..\cutil\cutil_class.cpp ..\cutil\danerror.cpp ..\cutil\efio.cpp ..\cutil\emalloc.cpp ..\cutil\freelist.cpp ..\cutil\listio.cpp ..\cutil\oldheap.cpp ..\cutil\oldlist.cpp ..\cutil\structures.cpp ..\cutil\tessarray.cpp /wd4244 /wd4018 /wd4305 /wd4800 /wd4996 
         bitvec.cpp
         cutil.cpp
         cutil_class.cpp
         danerror.cpp
         efio.cpp
         emalloc.cpp
         freelist.cpp
         listio.cpp
         oldheap.cpp
         oldlist.cpp
         structures.cpp
         tessarray.cpp
       Lib:
         C:\Program Files (x86)\Microsoft Visual Studio 10.0\VC\bin\Lib.exe /OUT:"C:\Users\Salman\NUS\EE4001\Research\TesseractEngine3DotNetWrapper_RC2 _r552\tesseract_r552\vs2008\Release\cutil.lib" /NOLOGO /LTCG Release\cutil\bitvec.obj
         Release\cutil\cutil.obj
         Release\cutil\cutil_class.obj
         Release\cutil\danerror.obj
         Release\cutil\efio.obj
         Release\cutil\emalloc.obj
         Release\cutil\freelist.obj
         Release\cutil\listio.obj
         Release\cutil\oldheap.obj
         Release\cutil\oldlist.obj
         Release\cutil\structures.obj
         Release\cutil\tessarray.obj
         cutil.vcxproj -> C:\Users\Salman\NUS\EE4001\Research\TesseractEngine3DotNetWrapper_RC2 _r552\tesseract_r552\vs2008\Release\cutil.lib
       FinalizeBuildStatus:
         Deleting file "Release\cutil\cutil.unsuccessfulbuild".
         Touching "Release\cutil\cutil.lastbuildstate".
     1>Done Building Project "C:\Users\Salman\NUS\EE4001\Research\TesseractEngine3DotNetWrapper_RC2 _r552\tesseract_r552\vs2008\cutil.vcxproj" (rebuild target(s)).

Build succeeded.

Time Elapsed 00:00:23.82
