Build started 16-Sep-12 11:54:43 PM.
     1>Project "C:\Users\VARUN\Documents\GitHub\project-pinnacle\ForJava\PreProcessorJava\JavaPreProcessor\JavaPreProcessor\JavaPreProcessor.vcxproj" on node 2 (build target(s)).
     1>InitializeBuildStatus:
         Creating "Debug\JavaPreProcessor.unsuccessfulbuild" because "AlwaysCreate" was specified.
       ClCompile:
         c:\Program Files (x86)\Microsoft Visual Studio 10.0\VC\bin\CL.exe /c /AI"C:\Program Files (x86)\Reference Assemblies\Microsoft\Framework\.NETFramework\v4.0" /AI"C:\Users\VARUN\Documents\GitHub\project-pinnacle\ForJava\MCPP" /Zi /clr:oldSyntax /nologo /W3 /WX- /Od /Oy- /D _WINDLL /D _MBCS /EHa /MDd /GS /fp:precise /Zc:wchar_t /Zc:forScope /Fo"Debug\\" /Fd"Debug\vc100.pdb" /TP /FU"C:\Program Files (x86)\Reference Assemblies\Microsoft\Framework\.NETFramework\v4.0\System.Core.dll" /analyze- /errorReport:prompt ..\..\..\Java\PreProcessor.cpp /clr:nostdlib 
     1>cl : Command line warning D9035: option 'clr:oldsyntax' has been deprecated and will be removed in a future release
         PreProcessor.cpp
       Link:
         c:\Program Files (x86)\Microsoft Visual Studio 10.0\VC\bin\link.exe /ERRORREPORT:PROMPT /OUT:"C:\Users\VARUN\Documents\GitHub\project-pinnacle\ForJava\PreProcessorJava\JavaPreProcessor\Debug\JavaPreProcessor.dll" /NOLOGO kernel32.lib user32.lib gdi32.lib winspool.lib comdlg32.lib advapi32.lib shell32.lib ole32.lib oleaut32.lib uuid.lib odbc32.lib odbccp32.lib /MANIFEST /ManifestFile:"Debug\JavaPreProcessor.dll.intermediate.manifest" /MANIFESTUAC:"level='asInvoker' uiAccess='false'" /DEBUG /PDB:"C:\Users\VARUN\Documents\GitHub\project-pinnacle\ForJava\PreProcessorJava\JavaPreProcessor\Debug\JavaPreProcessor.pdb" /ASSEMBLYDEBUG /TLBID:1 /DYNAMICBASE /FIXED:NO /NXCOMPAT /MACHINE:X86 /DLL Debug\PreProcessor.obj
            Creating library C:\Users\VARUN\Documents\GitHub\project-pinnacle\ForJava\PreProcessorJava\JavaPreProcessor\Debug\JavaPreProcessor.lib and object C:\Users\VARUN\Documents\GitHub\project-pinnacle\ForJava\PreProcessorJava\JavaPreProcessor\Debug\JavaPreProcessor.exp
         JavaPreProcessor.vcxproj -> C:\Users\VARUN\Documents\GitHub\project-pinnacle\ForJava\PreProcessorJava\JavaPreProcessor\Debug\JavaPreProcessor.dll
       Manifest:
         C:\Program Files (x86)\Microsoft SDKs\Windows\v7.0A\bin\mt.exe /nologo /verbose /outputresource:"C:\Users\VARUN\Documents\GitHub\project-pinnacle\ForJava\PreProcessorJava\JavaPreProcessor\Debug\JavaPreProcessor.dll;#2" /manifest Debug\JavaPreProcessor.dll.intermediate.manifest
       FinalizeBuildStatus:
         Deleting file "Debug\JavaPreProcessor.unsuccessfulbuild".
         Touching "Debug\JavaPreProcessor.lastbuildstate".
     1>Done Building Project "C:\Users\VARUN\Documents\GitHub\project-pinnacle\ForJava\PreProcessorJava\JavaPreProcessor\JavaPreProcessor\JavaPreProcessor.vcxproj" (build target(s)).

Build succeeded.

Time Elapsed 00:00:01.31
