Build started 21/8/2012 10:26:34 PM.
     1>Project "C:\Users\Salman\NUS\EE4001\Research\TesseractEngine3DotNetWrapper_RC2 _r552\tesseract_r552\vs2008\libtesseract_training.vcxproj" on node 6 (rebuild target(s)).
     1>_PrepareForClean:
         Deleting file "Release\libtesseract_training\libtesseract_training.lastbuildstate".
       InitializeBuildStatus:
         Creating "Release\libtesseract_training\libtesseract_training.unsuccessfulbuild" because "AlwaysCreate" was specified.
       ClCompile:
         C:\Program Files (x86)\Microsoft Visual Studio 10.0\VC\bin\CL.exe /c /I../ccutil /I../ccstruct /I../classify /I../cutil /I../training /I../viewer /I../dict /I../image /Zi /nologo /W3 /WX- /O2 /Oi /Oy- /GL /D WIN32 /D NDEBUG /D _LIB /D __MSW32__ /D _CRT_SECURE_NO_WARNINGS /D HAVE_LIBLEPT /D _MBCS /Gm- /EHsc /MD /GS /Gy /fp:precise /Zc:wchar_t /Zc:forScope /Fo"Release\libtesseract_training\\" /Fd"Release\libtesseract_training\vc100.pdb" /Gd /TP /analyze- /errorReport:prompt ..\training\commontraining.cpp
         commontraining.cpp
     1>c:\users\salman\nus\ee4001\research\tesseractengine3dotnetwrapper_rc2 _r552\tesseract_r552\ccstruct\blobs.h(67): warning C4099: 'EDGEPT' : type name first seen using 'class' now seen using 'struct'
                 c:\users\salman\nus\ee4001\research\tesseractengine3dotnetwrapper_rc2 _r552\tesseract_r552\ccstruct\vecfuncs.h(31) : see declaration of 'EDGEPT'
     1>..\training\commontraining.cpp(310): warning C4018: '<' : signed/unsigned mismatch
     1>..\training\commontraining.cpp(504): warning C4244: '=' : conversion from 'double' to 'FLOAT32', possible loss of data
     1>..\training\commontraining.cpp(571): warning C4018: '>=' : signed/unsigned mismatch
     1>..\training\commontraining.cpp(805): warning C4244: '=' : conversion from 'double' to 'float', possible loss of data
     1>..\training\commontraining.cpp(807): warning C4244: '=' : conversion from 'double' to 'float', possible loss of data
       Lib:
         C:\Program Files (x86)\Microsoft Visual Studio 10.0\VC\bin\Lib.exe /OUT:"C:\Users\Salman\NUS\EE4001\Research\TesseractEngine3DotNetWrapper_RC2 _r552\tesseract_r552\vs2008\Release\libtesseract_training.lib" /NOLOGO /LTCG Release\libtesseract_training\commontraining.obj
         libtesseract_training.vcxproj -> C:\Users\Salman\NUS\EE4001\Research\TesseractEngine3DotNetWrapper_RC2 _r552\tesseract_r552\vs2008\Release\libtesseract_training.lib
       FinalizeBuildStatus:
         Deleting file "Release\libtesseract_training\libtesseract_training.unsuccessfulbuild".
         Touching "Release\libtesseract_training\libtesseract_training.lastbuildstate".
     1>Done Building Project "C:\Users\Salman\NUS\EE4001\Research\TesseractEngine3DotNetWrapper_RC2 _r552\tesseract_r552\vs2008\libtesseract_training.vcxproj" (rebuild target(s)).

Build succeeded.

Time Elapsed 00:00:02.61
