#
# A fatal error has been detected by the Java Runtime Environment:
#
#  Internal Error (0xe0434352), pid=6368, tid=4320
#
# JRE version: 7.0_07-b11
# Java VM: Java HotSpot(TM) Client VM (23.3-b01 mixed mode, sharing windows-x86 )
# Problematic frame:
# C  [KERNELBASE.dll+0x14b32]  RaiseException+0x49
#
# Failed to write core dump. Minidumps are not enabled by default on client versions of Windows
#
# If you would like to submit a bug report, please visit:
#   http://bugreport.sun.com/bugreport/crash.jsp
# The crash happened outside the Java Virtual Machine in native code.
# See problematic frame for where to report the bug.
#

---------------  T H R E A D  ---------------

Current thread (0x023ea800):  JavaThread "main" [_thread_in_native, id=4320, stack(0x007a0000,0x007f0000)]

siginfo: ExceptionCode=0xe0434352, ExceptionInformation=0x80070002 0x00000000 0x00000000 0x00000000 0x64f90000 

Registers:
EAX=0x007ef7e8, EBX=0x00000005, ECX=0x00000005, EDX=0x00000000
ESP=0x007ef7e8, EBP=0x007ef840, ESI=0x007ef8b0, EDI=0x00000001
EIP=0x774e4b32, EFLAGS=0x00000216

Top of Stack: (sp=0x007ef7e8)
0x007ef7e8:   e0434352 00000001 00000000 774e4b32
0x007ef7f8:   00000005 80070002 00000000 00000000
0x007ef808:   00000000 64f90000 00885908 007ef904
0x007ef818:   00000001 00000000 63fd112c 00000000
0x007ef828:   0000456d 64fa110c 00008d11 00000012
0x007ef838:   00885908 e9602d55 007ef8e4 650b48c7
0x007ef848:   e0434352 00000001 00000005 007ef8b0
0x007ef858:   fb46f55e 00000000 04e22f54 00000001 

Instructions: (pc=0x774e4b32)
0x774e4b12:   01 89 44 24 04 c7 44 24 0c e9 4a 4e 77 85 c9 75
0x774e4b22:   20 83 64 24 10 00 8d 04 24 50 ff 15 80 83 56 77
0x774e4b32:   8b 4c 24 54 33 cc e8 07 72 ff ff 8b e5 5d c2 10
0x774e4b42:   00 8b 45 10 83 f8 0f 0f 87 1f be 04 00 89 44 24 


Register to memory mapping:

EAX=0x007ef7e8 is pointing into the stack for thread: 0x023ea800
EBX=0x00000005 is an unknown value
ECX=0x00000005 is an unknown value
EDX=0x00000000 is an unknown value
ESP=0x007ef7e8 is pointing into the stack for thread: 0x023ea800
EBP=0x007ef840 is pointing into the stack for thread: 0x023ea800
ESI=0x007ef8b0 is pointing into the stack for thread: 0x023ea800
EDI=0x00000001 is an unknown value


Stack: [0x007a0000,0x007f0000],  sp=0x007ef7e8,  free space=317k
Native frames: (J=compiled Java code, j=interpreted, Vv=VM code, C=native code)
C  [KERNELBASE.dll+0x14b32]  RaiseException+0x49
C  [clr.dll+0x1248c7]  DllGetClassObjectInternal+0x5f84e
C  [clr.dll+0x1252b5]  DllGetClassObjectInternal+0x6023c
C  [System.Drawing.ni.dll+0x15fb00]
C  [System.Drawing.ni.dll+0xec7a7]
C  0x04c52e61
C  0x04c518ec
C  0x049213eb
j  Test1.PreProcess(Ljava/lang/String;Ljava/lang/String;II)V+0
j  Test1.main([Ljava/lang/String;)V+18
v  ~StubRoutines::call_stub
V  [jvm.dll+0x12a39a]
V  [jvm.dll+0x1d962e]
V  [jvm.dll+0x12a41d]
V  [jvm.dll+0xaee94]
V  [jvm.dll+0xb9217]
C  [javaw.exe+0x1fea]
C  [javaw.exe+0xa0eb]
C  [javaw.exe+0xa175]
C  [KERNEL32.DLL+0x28543]  BaseThreadInitThunk+0xe
C  [ntdll.dll+0x5ac69]  RtlInitializeExceptionChain+0x85
C  [ntdll.dll+0x5ac3c]  RtlInitializeExceptionChain+0x58

Java frames: (J=compiled Java code, j=interpreted, Vv=VM code)
j  Test1.PreProcess(Ljava/lang/String;Ljava/lang/String;II)V+0
j  Test1.main([Ljava/lang/String;)V+18
v  ~StubRoutines::call_stub

---------------  P R O C E S S  ---------------

Java Threads: ( => current thread )
  0x021da800 JavaThread "Service Thread" daemon [_thread_blocked, id=6676, stack(0x04750000,0x047a0000)]
  0x021cd000 JavaThread "C1 CompilerThread0" daemon [_thread_blocked, id=6840, stack(0x046c0000,0x04710000)]
  0x021cc000 JavaThread "Attach Listener" daemon [_thread_blocked, id=6168, stack(0x04630000,0x04680000)]
  0x021c9c00 JavaThread "Signal Dispatcher" daemon [_thread_blocked, id=5728, stack(0x045a0000,0x045f0000)]
  0x021b7c00 JavaThread "Finalizer" daemon [_thread_blocked, id=5296, stack(0x04510000,0x04560000)]
  0x021b3000 JavaThread "Reference Handler" daemon [_thread_blocked, id=3472, stack(0x04480000,0x044d0000)]
=>0x023ea800 JavaThread "main" [_thread_in_native, id=4320, stack(0x007a0000,0x007f0000)]

Other Threads:
  0x021b1c00 VMThread [stack: 0x043f0000,0x04440000] [id=6292]
  0x021fbc00 WatcherThread [stack: 0x047e0000,0x04830000] [id=6244]

VM state:not at safepoint (normal execution)

VM Mutex/Monitor currently owned by a thread: None

Heap
 def new generation   total 4928K, used 281K [0x24200000, 0x24750000, 0x29750000)
  eden space 4416K,   6% used [0x24200000, 0x242464a8, 0x24650000)
  from space 512K,   0% used [0x24650000, 0x24650000, 0x246d0000)
  to   space 512K,   0% used [0x246d0000, 0x246d0000, 0x24750000)
 tenured generation   total 10944K, used 0K [0x29750000, 0x2a200000, 0x34200000)
   the space 10944K,   0% used [0x29750000, 0x29750000, 0x29750200, 0x2a200000)
 compacting perm gen  total 12288K, used 111K [0x34200000, 0x34e00000, 0x38200000)
   the space 12288K,   0% used [0x34200000, 0x3421bd58, 0x3421be00, 0x34e00000)
    ro space 10240K,  42% used [0x38200000, 0x3863f150, 0x3863f200, 0x38c00000)
    rw space 12288K,  54% used [0x38c00000, 0x3927fad8, 0x3927fc00, 0x39800000)

Card table byte_map: [0x022e0000,0x02390000] byte_map_base: 0x021bf000

Polling page: 0x006d0000

Code Cache  [0x023f0000, 0x02488000, 0x043f0000)
 total_blobs=131 nmethods=3 adapters=64 free_code_cache=32189Kb largest_free_block=32962176

Compilation events (6 events):
Event: 0.049 Thread 0x021cd000    1             java.lang.String::hashCode (55 bytes)
Event: 0.049 Thread 0x021cd000 nmethod 1 0x0247fcc8 code [0x0247fdc0, 0x0247fea0]
Event: 0.052 Thread 0x021cd000    2             java.lang.String::charAt (29 bytes)
Event: 0.052 Thread 0x021cd000 nmethod 2 0x02480288 code [0x02480390, 0x024804bc]
Event: 0.091 Thread 0x021cd000    3             java.lang.String::indexOf (70 bytes)
Event: 0.091 Thread 0x021cd000 nmethod 3 0x02480608 code [0x02480720, 0x0248085c]

GC Heap History (0 events):
No events

Deoptimization events (0 events):
No events

Internal exceptions (2 events):
Event: 0.025 Thread 0x023ea800 Threw 0x242011d8 at C:\jdk7u1_32P\jdk7u7\hotspot\src\share\vm\prims\jni.cpp:3994
Event: 0.054 Thread 0x023ea800 Threw 0x2423a2d8 at C:\jdk7u1_32P\jdk7u7\hotspot\src\share\vm\prims\jvm.cpp:1166

Events (10 events):
Event: 0.057 loading class 0x021fc2a8
Event: 0.057 loading class 0x021fc2a8 done
Event: 0.058 loading class 0x021fd2b8
Event: 0.058 loading class 0x021fd2b8 done
Event: 0.089 loading class 0x021c3f38
Event: 0.089 loading class 0x021c3f38 done
Event: 0.089 loading class 0x398fd170
Event: 0.090 loading class 0x39833788
Event: 0.090 loading class 0x39833788 done
Event: 0.090 loading class 0x398fd170 done


Dynamic libraries:
0x00b60000 - 0x00b8f000 	C:\Program Files (x86)\Java\jre7\bin\javaw.exe
0x77d90000 - 0x77ee7000 	C:\WINDOWS\SYSTEM32\ntdll.dll
0x75ad0000 - 0x75c00000 	C:\WINDOWS\SYSTEM32\KERNEL32.DLL
0x774d0000 - 0x77576000 	C:\WINDOWS\SYSTEM32\KERNELBASE.dll
0x757f0000 - 0x7589e000 	C:\WINDOWS\SYSTEM32\ADVAPI32.dll
0x77ab0000 - 0x77bc6000 	C:\WINDOWS\SYSTEM32\USER32.dll
0x72e20000 - 0x73017000 	C:\WINDOWS\WinSxS\x86_microsoft.windows.common-controls_6595b64144ccf1df_6.0.9200.16384_none_893961408605e985\COMCTL32.dll
0x75dc0000 - 0x75e71000 	C:\WINDOWS\SYSTEM32\msvcrt.dll
0x75a90000 - 0x75ac4000 	C:\WINDOWS\SYSTEM32\sechost.dll
0x75e90000 - 0x75f3c000 	C:\WINDOWS\SYSTEM32\RPCRT4.dll
0x76180000 - 0x7627d000 	C:\WINDOWS\SYSTEM32\GDI32.dll
0x75410000 - 0x7542c000 	C:\WINDOWS\SYSTEM32\SspiCli.dll
0x75400000 - 0x75409000 	C:\WINDOWS\SYSTEM32\CRYPTBASE.dll
0x753a0000 - 0x753f1000 	C:\WINDOWS\SYSTEM32\bcryptPrimitives.dll
0x75d90000 - 0x75db0000 	C:\WINDOWS\system32\IMM32.DLL
0x773f0000 - 0x774cc000 	C:\WINDOWS\SYSTEM32\MSCTF.dll
0x6bad0000 - 0x6bb8e000 	C:\Program Files (x86)\Java\jre7\bin\msvcr100.dll
0x54e20000 - 0x5516c000 	C:\Program Files (x86)\Java\jre7\bin\client\jvm.dll
0x74bb0000 - 0x74bb8000 	C:\WINDOWS\SYSTEM32\WSOCK32.dll
0x74b80000 - 0x74ba1000 	C:\WINDOWS\SYSTEM32\WINMM.dll
0x77580000 - 0x77586000 	C:\WINDOWS\SYSTEM32\PSAPI.DLL
0x75a40000 - 0x75a90000 	C:\WINDOWS\SYSTEM32\WS2_32.dll
0x74b50000 - 0x74b7a000 	C:\WINDOWS\SYSTEM32\WINMMBASE.dll
0x75e80000 - 0x75e88000 	C:\WINDOWS\SYSTEM32\NSI.dll
0x71e20000 - 0x71e2c000 	C:\Program Files (x86)\Java\jre7\bin\verify.dll
0x71e00000 - 0x71e20000 	C:\Program Files (x86)\Java\jre7\bin\java.dll
0x71de0000 - 0x71df3000 	C:\Program Files (x86)\Java\jre7\bin\zip.dll
0x713a0000 - 0x713bb000 	C:\Users\VARUN\Documents\GitHub\project-pinnacle\ForJava\PreProcessorJava\JavaPreProcessor\Debug\JavaPreProcessor.dll
0x54ca0000 - 0x54e12000 	C:\WINDOWS\SYSTEM32\MSVCR100D.dll
0x6ba10000 - 0x6bac7000 	C:\WINDOWS\SYSTEM32\MSVCP100D.dll
0x62ca0000 - 0x62cea000 	C:\WINDOWS\SYSTEM32\mscoree.dll
0x62c20000 - 0x62c9a000 	C:\Windows\Microsoft.NET\Framework\v4.0.30319\mscoreei.dll
0x777a0000 - 0x777e0000 	C:\WINDOWS\SYSTEM32\SHLWAPI.dll
0x64f90000 - 0x65622000 	C:\Windows\Microsoft.NET\Framework\v4.0.30319\clr.dll
0x62ae0000 - 0x62bb3000 	C:\WINDOWS\SYSTEM32\MSVCR110_CLR0400.dll
0x63fd0000 - 0x64f8f000 	C:\WINDOWS\assembly\NativeImages_v4.0.30319_32\mscorlib\51e2934144ba15628ba5a31be2dae7dc\mscorlib.ni.dll
0x62d90000 - 0x62dfe000 	C:\Windows\Microsoft.NET\Framework\v4.0.30319\clrjit.dll
0x59000000 - 0x590d4000 	C:\Windows\Microsoft.NET\Framework\v4.0.30319\diasymreader.dll
0x777e0000 - 0x778f9000 	C:\WINDOWS\SYSTEM32\ole32.dll
0x77590000 - 0x776c6000 	C:\WINDOWS\SYSTEM32\combase.dll
0x63650000 - 0x63fc9000 	C:\WINDOWS\assembly\NativeImages_v4.0.30319_32\System\e40da7a49f8c3f0108e7c835b342f382\System.ni.dll
0x634b0000 - 0x63641000 	C:\WINDOWS\assembly\NativeImages_v4.0.30319_32\System.Drawing\72269ea7cc6281139e4d155e7c57dc67\System.Drawing.ni.dll
0x71910000 - 0x71a39000 	C:\WINDOWS\SYSTEM32\dbghelp.dll

VM Arguments:
jvm_args: -Dfile.encoding=Cp1252 
java_command: Test1
Launcher Type: SUN_STANDARD

Environment Variables:
JAVA_HOME=C:\Program Files\Java\jdk1.7.0_03\bin
CLASSPATH=C:\Users\VARUN\workspace\HelloWorld\bin;
PATH=C:/Program Files (x86)/Java/jre7/bin/client;C:/Program Files (x86)/Java/jre7/bin;C:/Program Files (x86)/Java/jre7/lib/i386;C:\Program Files (x86)\ImageMagick-6.7.9-Q16;C:\WINDOWS\system32;C:\WINDOWS;C:\WINDOWS\System32\Wbem;C:\WINDOWS\System32\WindowsPowerShell\v1.0\;C:\Program Files (x86)\ATI Technologies\ATI.ACE\Core-Static;c:\Program Files (x86)\Microsoft SQL Server\100\Tools\Binn\;c:\Program Files\Microsoft SQL Server\100\Tools\Binn\;c:\Program Files\Microsoft SQL Server\100\DTS\Binn\;C:\Program Files\TortoiseHg\;C:\Program Files\Java\jdk1.7.0_03\bin;C:\Program Files\Java\jdk1.7.0_03\jre\bin;C:\Program Files (x86)\Java\eclipse;
USERNAME=VARUN
OS=Windows_NT
PROCESSOR_IDENTIFIER=Intel64 Family 6 Model 23 Stepping 6, GenuineIntel



---------------  S Y S T E M  ---------------

OS: Windows 8 , 64 bit Build 9200 

CPU:total 2 (2 cores per cpu, 1 threads per core) family 6 model 23 stepping 6, cmov, cx8, fxsr, mmx, sse, sse2, sse3, ssse3, sse4.1, tsc

Memory: 4k page, physical 4087832k(1262652k free), swap 8282136k(4790088k free)

vm_info: Java HotSpot(TM) Client VM (23.3-b01) for windows-x86 JRE (1.7.0_07-b11), built on Sep  7 2012 01:40:56 by "java_re" with unknown MS VC++:1600

time: Sun Sep 16 23:48:32 2012
elapsed time: 0 seconds

