C:\USERS\SALMAN\NUS\EE4001\RESEARCH\TESSERACTENGINE3DOTNETWRAPPER_RC2 _R552\TESSERACT_R552\VS2008\RELEASE\TEXTORD.LIB
C:\USERS\SALMAN\NUS\EE4001\RESEARCH\TESSERACTENGINE3DOTNETWRAPPER_RC2 _R552\TESSERACT_R552\VS2008\RELEASE\TEXTORD\ALIGNEDBLOB.OBJ
C:\USERS\SALMAN\NUS\EE4001\RESEARCH\TESSERACTENGINE3DOTNETWRAPPER_RC2 _R552\TESSERACT_R552\VS2008\RELEASE\TEXTORD\BBGRID.OBJ
C:\USERS\SALMAN\NUS\EE4001\RESEARCH\TESSERACTENGINE3DOTNETWRAPPER_RC2 _R552\TESSERACT_R552\VS2008\RELEASE\TEXTORD\BLKOCC.OBJ
C:\Users\Salman\NUS\EE4001\Research\TesseractEngine3DotNetWrapper_RC2 _r552\tesseract_r552\vs2008\Release\textord\cl.command.1.tlog
C:\Users\Salman\NUS\EE4001\Research\TesseractEngine3DotNetWrapper_RC2 _r552\tesseract_r552\vs2008\Release\textord\CL.read.1.tlog
C:\Users\Salman\NUS\EE4001\Research\TesseractEngine3DotNetWrapper_RC2 _r552\tesseract_r552\vs2008\Release\textord\CL.write.1.tlog
C:\USERS\SALMAN\NUS\EE4001\RESEARCH\TESSERACTENGINE3DOTNETWRAPPER_RC2 _R552\TESSERACT_R552\VS2008\RELEASE\TEXTORD\COLFIND.OBJ
C:\USERS\SALMAN\NUS\EE4001\RESEARCH\TESSERACTENGINE3DOTNETWRAPPER_RC2 _R552\TESSERACT_R552\VS2008\RELEASE\TEXTORD\COLPARTITION.OBJ
C:\USERS\SALMAN\NUS\EE4001\RESEARCH\TESSERACTENGINE3DOTNETWRAPPER_RC2 _R552\TESSERACT_R552\VS2008\RELEASE\TEXTORD\COLPARTITIONGRID.OBJ
C:\USERS\SALMAN\NUS\EE4001\RESEARCH\TESSERACTENGINE3DOTNETWRAPPER_RC2 _R552\TESSERACT_R552\VS2008\RELEASE\TEXTORD\COLPARTITIONSET.OBJ
C:\USERS\SALMAN\NUS\EE4001\RESEARCH\TESSERACTENGINE3DOTNETWRAPPER_RC2 _R552\TESSERACT_R552\VS2008\RELEASE\TEXTORD\DRAWEDG.OBJ
C:\USERS\SALMAN\NUS\EE4001\RESEARCH\TESSERACTENGINE3DOTNETWRAPPER_RC2 _R552\TESSERACT_R552\VS2008\RELEASE\TEXTORD\DRAWTORD.OBJ
C:\USERS\SALMAN\NUS\EE4001\RESEARCH\TESSERACTENGINE3DOTNETWRAPPER_RC2 _R552\TESSERACT_R552\VS2008\RELEASE\TEXTORD\EDGBLOB.OBJ
C:\USERS\SALMAN\NUS\EE4001\RESEARCH\TESSERACTENGINE3DOTNETWRAPPER_RC2 _R552\TESSERACT_R552\VS2008\RELEASE\TEXTORD\EDGLOOP.OBJ
C:\USERS\SALMAN\NUS\EE4001\RESEARCH\TESSERACTENGINE3DOTNETWRAPPER_RC2 _R552\TESSERACT_R552\VS2008\RELEASE\TEXTORD\FPCHOP.OBJ
C:\USERS\SALMAN\NUS\EE4001\RESEARCH\TESSERACTENGINE3DOTNETWRAPPER_RC2 _R552\TESSERACT_R552\VS2008\RELEASE\TEXTORD\GAP_MAP.OBJ
C:\USERS\SALMAN\NUS\EE4001\RESEARCH\TESSERACTENGINE3DOTNETWRAPPER_RC2 _R552\TESSERACT_R552\VS2008\RELEASE\TEXTORD\IMAGEFIND.OBJ
C:\Users\Salman\NUS\EE4001\Research\TesseractEngine3DotNetWrapper_RC2 _r552\tesseract_r552\vs2008\Release\textord\lib.command.1.tlog
C:\Users\Salman\NUS\EE4001\Research\TesseractEngine3DotNetWrapper_RC2 _r552\tesseract_r552\vs2008\Release\textord\Lib-link.read.1.tlog
C:\Users\Salman\NUS\EE4001\Research\TesseractEngine3DotNetWrapper_RC2 _r552\tesseract_r552\vs2008\Release\textord\Lib-link.write.1.tlog
C:\USERS\SALMAN\NUS\EE4001\RESEARCH\TESSERACTENGINE3DOTNETWRAPPER_RC2 _R552\TESSERACT_R552\VS2008\RELEASE\TEXTORD\LINEFIND.OBJ
C:\USERS\SALMAN\NUS\EE4001\RESEARCH\TESSERACTENGINE3DOTNETWRAPPER_RC2 _R552\TESSERACT_R552\VS2008\RELEASE\TEXTORD\MAKEROW.OBJ
C:\USERS\SALMAN\NUS\EE4001\RESEARCH\TESSERACTENGINE3DOTNETWRAPPER_RC2 _R552\TESSERACT_R552\VS2008\RELEASE\TEXTORD\MFCPCH.OBJ
C:\USERS\SALMAN\NUS\EE4001\RESEARCH\TESSERACTENGINE3DOTNETWRAPPER_RC2 _R552\TESSERACT_R552\VS2008\RELEASE\TEXTORD\OLDBASEL.OBJ
C:\USERS\SALMAN\NUS\EE4001\RESEARCH\TESSERACTENGINE3DOTNETWRAPPER_RC2 _R552\TESSERACT_R552\VS2008\RELEASE\TEXTORD\PITHSYNC.OBJ
C:\USERS\SALMAN\NUS\EE4001\RESEARCH\TESSERACTENGINE3DOTNETWRAPPER_RC2 _R552\TESSERACT_R552\VS2008\RELEASE\TEXTORD\PITSYNC1.OBJ
C:\USERS\SALMAN\NUS\EE4001\RESEARCH\TESSERACTENGINE3DOTNETWRAPPER_RC2 _R552\TESSERACT_R552\VS2008\RELEASE\TEXTORD\SCANEDG.OBJ
C:\USERS\SALMAN\NUS\EE4001\RESEARCH\TESSERACTENGINE3DOTNETWRAPPER_RC2 _R552\TESSERACT_R552\VS2008\RELEASE\TEXTORD\SORTFLTS.OBJ
C:\USERS\SALMAN\NUS\EE4001\RESEARCH\TESSERACTENGINE3DOTNETWRAPPER_RC2 _R552\TESSERACT_R552\VS2008\RELEASE\TEXTORD\STROKEWIDTH.OBJ
C:\USERS\SALMAN\NUS\EE4001\RESEARCH\TESSERACTENGINE3DOTNETWRAPPER_RC2 _R552\TESSERACT_R552\VS2008\RELEASE\TEXTORD\TABFIND.OBJ
C:\USERS\SALMAN\NUS\EE4001\RESEARCH\TESSERACTENGINE3DOTNETWRAPPER_RC2 _R552\TESSERACT_R552\VS2008\RELEASE\TEXTORD\TABLEFIND.OBJ
C:\USERS\SALMAN\NUS\EE4001\RESEARCH\TESSERACTENGINE3DOTNETWRAPPER_RC2 _R552\TESSERACT_R552\VS2008\RELEASE\TEXTORD\TABLERECOG.OBJ
C:\USERS\SALMAN\NUS\EE4001\RESEARCH\TESSERACTENGINE3DOTNETWRAPPER_RC2 _R552\TESSERACT_R552\VS2008\RELEASE\TEXTORD\TABVECTOR.OBJ
C:\USERS\SALMAN\NUS\EE4001\RESEARCH\TESSERACTENGINE3DOTNETWRAPPER_RC2 _R552\TESSERACT_R552\VS2008\RELEASE\TEXTORD\TEXTORD.OBJ
C:\USERS\SALMAN\NUS\EE4001\RESEARCH\TESSERACTENGINE3DOTNETWRAPPER_RC2 _R552\TESSERACT_R552\VS2008\RELEASE\TEXTORD\TEXTORD.PCH
C:\Users\Salman\NUS\EE4001\Research\TesseractEngine3DotNetWrapper_RC2 _r552\tesseract_r552\vs2008\Release\textord\textord.write.1.tlog
C:\USERS\SALMAN\NUS\EE4001\RESEARCH\TESSERACTENGINE3DOTNETWRAPPER_RC2 _R552\TESSERACT_R552\VS2008\RELEASE\TEXTORD\TOPITCH.OBJ
C:\USERS\SALMAN\NUS\EE4001\RESEARCH\TESSERACTENGINE3DOTNETWRAPPER_RC2 _R552\TESSERACT_R552\VS2008\RELEASE\TEXTORD\TORDMAIN.OBJ
C:\USERS\SALMAN\NUS\EE4001\RESEARCH\TESSERACTENGINE3DOTNETWRAPPER_RC2 _R552\TESSERACT_R552\VS2008\RELEASE\TEXTORD\TOSPACE.OBJ
C:\USERS\SALMAN\NUS\EE4001\RESEARCH\TESSERACTENGINE3DOTNETWRAPPER_RC2 _R552\TESSERACT_R552\VS2008\RELEASE\TEXTORD\TOVARS.OBJ
C:\USERS\SALMAN\NUS\EE4001\RESEARCH\TESSERACTENGINE3DOTNETWRAPPER_RC2 _R552\TESSERACT_R552\VS2008\RELEASE\TEXTORD\UNDERLIN.OBJ
C:\USERS\SALMAN\NUS\EE4001\RESEARCH\TESSERACTENGINE3DOTNETWRAPPER_RC2 _R552\TESSERACT_R552\VS2008\RELEASE\TEXTORD\VC100.PDB
C:\USERS\SALMAN\NUS\EE4001\RESEARCH\TESSERACTENGINE3DOTNETWRAPPER_RC2 _R552\TESSERACT_R552\VS2008\RELEASE\TEXTORD\WORDSEG.OBJ
C:\USERS\SALMAN\NUS\EE4001\RESEARCH\TESSERACTENGINE3DOTNETWRAPPER_RC2 _R552\TESSERACT_R552\VS2008\RELEASE\TEXTORD\WORKINGPARTSET.OBJ
