C:\USERS\SALMAN\NUS\EE4001\RESEARCH\TESSERACTENGINE3DOTNETWRAPPER_RC2 _R552\TESSERACT_R552\VS2008\RELEASE\CLASSIFY.LIB
C:\USERS\SALMAN\NUS\EE4001\RESEARCH\TESSERACTENGINE3DOTNETWRAPPER_RC2 _R552\TESSERACT_R552\VS2008\RELEASE\CLASSIFY\ADAPTIVE.OBJ
C:\USERS\SALMAN\NUS\EE4001\RESEARCH\TESSERACTENGINE3DOTNETWRAPPER_RC2 _R552\TESSERACT_R552\VS2008\RELEASE\CLASSIFY\ADAPTMATCH.OBJ
C:\USERS\SALMAN\NUS\EE4001\RESEARCH\TESSERACTENGINE3DOTNETWRAPPER_RC2 _R552\TESSERACT_R552\VS2008\RELEASE\CLASSIFY\BLOBCLASS.OBJ
C:\USERS\SALMAN\NUS\EE4001\RESEARCH\TESSERACTENGINE3DOTNETWRAPPER_RC2 _R552\TESSERACT_R552\VS2008\RELEASE\CLASSIFY\CHARTONAME.OBJ
C:\Users\Salman\NUS\EE4001\Research\TesseractEngine3DotNetWrapper_RC2 _r552\tesseract_r552\vs2008\Release\classify\cl.command.1.tlog
C:\Users\Salman\NUS\EE4001\Research\TesseractEngine3DotNetWrapper_RC2 _r552\tesseract_r552\vs2008\Release\classify\CL.read.1.tlog
C:\Users\Salman\NUS\EE4001\Research\TesseractEngine3DotNetWrapper_RC2 _r552\tesseract_r552\vs2008\Release\classify\CL.write.1.tlog
C:\USERS\SALMAN\NUS\EE4001\RESEARCH\TESSERACTENGINE3DOTNETWRAPPER_RC2 _R552\TESSERACT_R552\VS2008\RELEASE\CLASSIFY\CLASSIFY.OBJ
C:\Users\Salman\NUS\EE4001\Research\TesseractEngine3DotNetWrapper_RC2 _r552\tesseract_r552\vs2008\Release\classify\classify.write.1.tlog
C:\USERS\SALMAN\NUS\EE4001\RESEARCH\TESSERACTENGINE3DOTNETWRAPPER_RC2 _R552\TESSERACT_R552\VS2008\RELEASE\CLASSIFY\CLUSTER.OBJ
C:\USERS\SALMAN\NUS\EE4001\RESEARCH\TESSERACTENGINE3DOTNETWRAPPER_RC2 _R552\TESSERACT_R552\VS2008\RELEASE\CLASSIFY\CLUSTTOOL.OBJ
C:\USERS\SALMAN\NUS\EE4001\RESEARCH\TESSERACTENGINE3DOTNETWRAPPER_RC2 _R552\TESSERACT_R552\VS2008\RELEASE\CLASSIFY\CUTOFFS.OBJ
C:\USERS\SALMAN\NUS\EE4001\RESEARCH\TESSERACTENGINE3DOTNETWRAPPER_RC2 _R552\TESSERACT_R552\VS2008\RELEASE\CLASSIFY\EXTRACT.OBJ
C:\USERS\SALMAN\NUS\EE4001\RESEARCH\TESSERACTENGINE3DOTNETWRAPPER_RC2 _R552\TESSERACT_R552\VS2008\RELEASE\CLASSIFY\FEATDEFS.OBJ
C:\USERS\SALMAN\NUS\EE4001\RESEARCH\TESSERACTENGINE3DOTNETWRAPPER_RC2 _R552\TESSERACT_R552\VS2008\RELEASE\CLASSIFY\FLEXFX.OBJ
C:\USERS\SALMAN\NUS\EE4001\RESEARCH\TESSERACTENGINE3DOTNETWRAPPER_RC2 _R552\TESSERACT_R552\VS2008\RELEASE\CLASSIFY\FLOAT2INT.OBJ
C:\USERS\SALMAN\NUS\EE4001\RESEARCH\TESSERACTENGINE3DOTNETWRAPPER_RC2 _R552\TESSERACT_R552\VS2008\RELEASE\CLASSIFY\FPOINT.OBJ
C:\USERS\SALMAN\NUS\EE4001\RESEARCH\TESSERACTENGINE3DOTNETWRAPPER_RC2 _R552\TESSERACT_R552\VS2008\RELEASE\CLASSIFY\FXDEFS.OBJ
C:\USERS\SALMAN\NUS\EE4001\RESEARCH\TESSERACTENGINE3DOTNETWRAPPER_RC2 _R552\TESSERACT_R552\VS2008\RELEASE\CLASSIFY\INTFX.OBJ
C:\USERS\SALMAN\NUS\EE4001\RESEARCH\TESSERACTENGINE3DOTNETWRAPPER_RC2 _R552\TESSERACT_R552\VS2008\RELEASE\CLASSIFY\INTMATCHER.OBJ
C:\USERS\SALMAN\NUS\EE4001\RESEARCH\TESSERACTENGINE3DOTNETWRAPPER_RC2 _R552\TESSERACT_R552\VS2008\RELEASE\CLASSIFY\INTPROTO.OBJ
C:\USERS\SALMAN\NUS\EE4001\RESEARCH\TESSERACTENGINE3DOTNETWRAPPER_RC2 _R552\TESSERACT_R552\VS2008\RELEASE\CLASSIFY\KDTREE.OBJ
C:\Users\Salman\NUS\EE4001\Research\TesseractEngine3DotNetWrapper_RC2 _r552\tesseract_r552\vs2008\Release\classify\lib.command.1.tlog
C:\Users\Salman\NUS\EE4001\Research\TesseractEngine3DotNetWrapper_RC2 _r552\tesseract_r552\vs2008\Release\classify\Lib-link.read.1.tlog
C:\Users\Salman\NUS\EE4001\Research\TesseractEngine3DotNetWrapper_RC2 _r552\tesseract_r552\vs2008\Release\classify\Lib-link.write.1.tlog
C:\USERS\SALMAN\NUS\EE4001\RESEARCH\TESSERACTENGINE3DOTNETWRAPPER_RC2 _R552\TESSERACT_R552\VS2008\RELEASE\CLASSIFY\MF.OBJ
C:\USERS\SALMAN\NUS\EE4001\RESEARCH\TESSERACTENGINE3DOTNETWRAPPER_RC2 _R552\TESSERACT_R552\VS2008\RELEASE\CLASSIFY\MFDEFS.OBJ
C:\USERS\SALMAN\NUS\EE4001\RESEARCH\TESSERACTENGINE3DOTNETWRAPPER_RC2 _R552\TESSERACT_R552\VS2008\RELEASE\CLASSIFY\MFOUTLINE.OBJ
C:\USERS\SALMAN\NUS\EE4001\RESEARCH\TESSERACTENGINE3DOTNETWRAPPER_RC2 _R552\TESSERACT_R552\VS2008\RELEASE\CLASSIFY\MFX.OBJ
C:\USERS\SALMAN\NUS\EE4001\RESEARCH\TESSERACTENGINE3DOTNETWRAPPER_RC2 _R552\TESSERACT_R552\VS2008\RELEASE\CLASSIFY\NORMFEAT.OBJ
C:\USERS\SALMAN\NUS\EE4001\RESEARCH\TESSERACTENGINE3DOTNETWRAPPER_RC2 _R552\TESSERACT_R552\VS2008\RELEASE\CLASSIFY\NORMMATCH.OBJ
C:\USERS\SALMAN\NUS\EE4001\RESEARCH\TESSERACTENGINE3DOTNETWRAPPER_RC2 _R552\TESSERACT_R552\VS2008\RELEASE\CLASSIFY\OCRFEATURES.OBJ
C:\USERS\SALMAN\NUS\EE4001\RESEARCH\TESSERACTENGINE3DOTNETWRAPPER_RC2 _R552\TESSERACT_R552\VS2008\RELEASE\CLASSIFY\OUTFEAT.OBJ
C:\USERS\SALMAN\NUS\EE4001\RESEARCH\TESSERACTENGINE3DOTNETWRAPPER_RC2 _R552\TESSERACT_R552\VS2008\RELEASE\CLASSIFY\PICOFEAT.OBJ
C:\USERS\SALMAN\NUS\EE4001\RESEARCH\TESSERACTENGINE3DOTNETWRAPPER_RC2 _R552\TESSERACT_R552\VS2008\RELEASE\CLASSIFY\PROTOS.OBJ
C:\USERS\SALMAN\NUS\EE4001\RESEARCH\TESSERACTENGINE3DOTNETWRAPPER_RC2 _R552\TESSERACT_R552\VS2008\RELEASE\CLASSIFY\SPECKLE.OBJ
C:\USERS\SALMAN\NUS\EE4001\RESEARCH\TESSERACTENGINE3DOTNETWRAPPER_RC2 _R552\TESSERACT_R552\VS2008\RELEASE\CLASSIFY\VC100.PDB
C:\USERS\SALMAN\NUS\EE4001\RESEARCH\TESSERACTENGINE3DOTNETWRAPPER_RC2 _R552\TESSERACT_R552\VS2008\RELEASE\CLASSIFY\XFORM2D.OBJ
