C:\USERS\SALMAN\NUS\EE4001\RESEARCH\TESSERACTENGINE3DOTNETWRAPPER_RC2 _R552\TESSERACT_R552\VS2008\RELEASE\CCSTRUCT.LIB
C:\USERS\SALMAN\NUS\EE4001\RESEARCH\TESSERACTENGINE3DOTNETWRAPPER_RC2 _R552\TESSERACT_R552\VS2008\RELEASE\CCSTRUCT\BLOBBOX.OBJ
C:\USERS\SALMAN\NUS\EE4001\RESEARCH\TESSERACTENGINE3DOTNETWRAPPER_RC2 _R552\TESSERACT_R552\VS2008\RELEASE\CCSTRUCT\BLOBS.OBJ
C:\USERS\SALMAN\NUS\EE4001\RESEARCH\TESSERACTENGINE3DOTNETWRAPPER_RC2 _R552\TESSERACT_R552\VS2008\RELEASE\CCSTRUCT\BLREAD.OBJ
C:\USERS\SALMAN\NUS\EE4001\RESEARCH\TESSERACTENGINE3DOTNETWRAPPER_RC2 _R552\TESSERACT_R552\VS2008\RELEASE\CCSTRUCT\BOXWORD.OBJ
C:\USERS\SALMAN\NUS\EE4001\RESEARCH\TESSERACTENGINE3DOTNETWRAPPER_RC2 _R552\TESSERACT_R552\VS2008\RELEASE\CCSTRUCT\CALLCPP.OBJ
C:\USERS\SALMAN\NUS\EE4001\RESEARCH\TESSERACTENGINE3DOTNETWRAPPER_RC2 _R552\TESSERACT_R552\VS2008\RELEASE\CCSTRUCT\CCSTRUCT.OBJ
C:\USERS\SALMAN\NUS\EE4001\RESEARCH\TESSERACTENGINE3DOTNETWRAPPER_RC2 _R552\TESSERACT_R552\VS2008\RELEASE\CCSTRUCT\CCSTRUCT.PCH
C:\Users\Salman\NUS\EE4001\Research\TesseractEngine3DotNetWrapper_RC2 _r552\tesseract_r552\vs2008\Release\ccstruct\ccstruct.write.1.tlog
C:\Users\Salman\NUS\EE4001\Research\TesseractEngine3DotNetWrapper_RC2 _r552\tesseract_r552\vs2008\Release\ccstruct\cl.command.1.tlog
C:\Users\Salman\NUS\EE4001\Research\TesseractEngine3DotNetWrapper_RC2 _r552\tesseract_r552\vs2008\Release\ccstruct\CL.read.1.tlog
C:\Users\Salman\NUS\EE4001\Research\TesseractEngine3DotNetWrapper_RC2 _r552\tesseract_r552\vs2008\Release\ccstruct\CL.write.1.tlog
C:\USERS\SALMAN\NUS\EE4001\RESEARCH\TESSERACTENGINE3DOTNETWRAPPER_RC2 _R552\TESSERACT_R552\VS2008\RELEASE\CCSTRUCT\COUTLN.OBJ
C:\USERS\SALMAN\NUS\EE4001\RESEARCH\TESSERACTENGINE3DOTNETWRAPPER_RC2 _R552\TESSERACT_R552\VS2008\RELEASE\CCSTRUCT\DETLINEFIT.OBJ
C:\USERS\SALMAN\NUS\EE4001\RESEARCH\TESSERACTENGINE3DOTNETWRAPPER_RC2 _R552\TESSERACT_R552\VS2008\RELEASE\CCSTRUCT\DPPOINT.OBJ
C:\USERS\SALMAN\NUS\EE4001\RESEARCH\TESSERACTENGINE3DOTNETWRAPPER_RC2 _R552\TESSERACT_R552\VS2008\RELEASE\CCSTRUCT\GENBLOB.OBJ
C:\Users\Salman\NUS\EE4001\Research\TesseractEngine3DotNetWrapper_RC2 _r552\tesseract_r552\vs2008\Release\ccstruct\lib.command.1.tlog
C:\Users\Salman\NUS\EE4001\Research\TesseractEngine3DotNetWrapper_RC2 _r552\tesseract_r552\vs2008\Release\ccstruct\Lib-link.read.1.tlog
C:\Users\Salman\NUS\EE4001\Research\TesseractEngine3DotNetWrapper_RC2 _r552\tesseract_r552\vs2008\Release\ccstruct\Lib-link.write.1.tlog
C:\USERS\SALMAN\NUS\EE4001\RESEARCH\TESSERACTENGINE3DOTNETWRAPPER_RC2 _R552\TESSERACT_R552\VS2008\RELEASE\CCSTRUCT\LINLSQ.OBJ
C:\USERS\SALMAN\NUS\EE4001\RESEARCH\TESSERACTENGINE3DOTNETWRAPPER_RC2 _R552\TESSERACT_R552\VS2008\RELEASE\CCSTRUCT\MATRIX.OBJ
C:\USERS\SALMAN\NUS\EE4001\RESEARCH\TESSERACTENGINE3DOTNETWRAPPER_RC2 _R552\TESSERACT_R552\VS2008\RELEASE\CCSTRUCT\MFCPCH.OBJ
C:\USERS\SALMAN\NUS\EE4001\RESEARCH\TESSERACTENGINE3DOTNETWRAPPER_RC2 _R552\TESSERACT_R552\VS2008\RELEASE\CCSTRUCT\MOD128.OBJ
C:\USERS\SALMAN\NUS\EE4001\RESEARCH\TESSERACTENGINE3DOTNETWRAPPER_RC2 _R552\TESSERACT_R552\VS2008\RELEASE\CCSTRUCT\NORMALIS.OBJ
C:\USERS\SALMAN\NUS\EE4001\RESEARCH\TESSERACTENGINE3DOTNETWRAPPER_RC2 _R552\TESSERACT_R552\VS2008\RELEASE\CCSTRUCT\OCRBLOCK.OBJ
C:\USERS\SALMAN\NUS\EE4001\RESEARCH\TESSERACTENGINE3DOTNETWRAPPER_RC2 _R552\TESSERACT_R552\VS2008\RELEASE\CCSTRUCT\OCRROW.OBJ
C:\USERS\SALMAN\NUS\EE4001\RESEARCH\TESSERACTENGINE3DOTNETWRAPPER_RC2 _R552\TESSERACT_R552\VS2008\RELEASE\CCSTRUCT\OTSUTHR.OBJ
C:\USERS\SALMAN\NUS\EE4001\RESEARCH\TESSERACTENGINE3DOTNETWRAPPER_RC2 _R552\TESSERACT_R552\VS2008\RELEASE\CCSTRUCT\PAGERES.OBJ
C:\USERS\SALMAN\NUS\EE4001\RESEARCH\TESSERACTENGINE3DOTNETWRAPPER_RC2 _R552\TESSERACT_R552\VS2008\RELEASE\CCSTRUCT\PDBLOCK.OBJ
C:\USERS\SALMAN\NUS\EE4001\RESEARCH\TESSERACTENGINE3DOTNETWRAPPER_RC2 _R552\TESSERACT_R552\VS2008\RELEASE\CCSTRUCT\POINTS.OBJ
C:\USERS\SALMAN\NUS\EE4001\RESEARCH\TESSERACTENGINE3DOTNETWRAPPER_RC2 _R552\TESSERACT_R552\VS2008\RELEASE\CCSTRUCT\POLYAPRX.OBJ
C:\USERS\SALMAN\NUS\EE4001\RESEARCH\TESSERACTENGINE3DOTNETWRAPPER_RC2 _R552\TESSERACT_R552\VS2008\RELEASE\CCSTRUCT\POLYBLK.OBJ
C:\USERS\SALMAN\NUS\EE4001\RESEARCH\TESSERACTENGINE3DOTNETWRAPPER_RC2 _R552\TESSERACT_R552\VS2008\RELEASE\CCSTRUCT\POLYBLOB.OBJ
C:\USERS\SALMAN\NUS\EE4001\RESEARCH\TESSERACTENGINE3DOTNETWRAPPER_RC2 _R552\TESSERACT_R552\VS2008\RELEASE\CCSTRUCT\POLYVERT.OBJ
C:\USERS\SALMAN\NUS\EE4001\RESEARCH\TESSERACTENGINE3DOTNETWRAPPER_RC2 _R552\TESSERACT_R552\VS2008\RELEASE\CCSTRUCT\POUTLINE.OBJ
C:\USERS\SALMAN\NUS\EE4001\RESEARCH\TESSERACTENGINE3DOTNETWRAPPER_RC2 _R552\TESSERACT_R552\VS2008\RELEASE\CCSTRUCT\PUBLICTYPES.OBJ
C:\USERS\SALMAN\NUS\EE4001\RESEARCH\TESSERACTENGINE3DOTNETWRAPPER_RC2 _R552\TESSERACT_R552\VS2008\RELEASE\CCSTRUCT\QUADLSQ.OBJ
C:\USERS\SALMAN\NUS\EE4001\RESEARCH\TESSERACTENGINE3DOTNETWRAPPER_RC2 _R552\TESSERACT_R552\VS2008\RELEASE\CCSTRUCT\QUADRATC.OBJ
C:\USERS\SALMAN\NUS\EE4001\RESEARCH\TESSERACTENGINE3DOTNETWRAPPER_RC2 _R552\TESSERACT_R552\VS2008\RELEASE\CCSTRUCT\QUSPLINE.OBJ
C:\USERS\SALMAN\NUS\EE4001\RESEARCH\TESSERACTENGINE3DOTNETWRAPPER_RC2 _R552\TESSERACT_R552\VS2008\RELEASE\CCSTRUCT\RATNGS.OBJ
C:\USERS\SALMAN\NUS\EE4001\RESEARCH\TESSERACTENGINE3DOTNETWRAPPER_RC2 _R552\TESSERACT_R552\VS2008\RELEASE\CCSTRUCT\RECT.OBJ
C:\USERS\SALMAN\NUS\EE4001\RESEARCH\TESSERACTENGINE3DOTNETWRAPPER_RC2 _R552\TESSERACT_R552\VS2008\RELEASE\CCSTRUCT\REJCTMAP.OBJ
C:\USERS\SALMAN\NUS\EE4001\RESEARCH\TESSERACTENGINE3DOTNETWRAPPER_RC2 _R552\TESSERACT_R552\VS2008\RELEASE\CCSTRUCT\SEAM.OBJ
C:\USERS\SALMAN\NUS\EE4001\RESEARCH\TESSERACTENGINE3DOTNETWRAPPER_RC2 _R552\TESSERACT_R552\VS2008\RELEASE\CCSTRUCT\SPLIT.OBJ
C:\USERS\SALMAN\NUS\EE4001\RESEARCH\TESSERACTENGINE3DOTNETWRAPPER_RC2 _R552\TESSERACT_R552\VS2008\RELEASE\CCSTRUCT\STATISTC.OBJ
C:\USERS\SALMAN\NUS\EE4001\RESEARCH\TESSERACTENGINE3DOTNETWRAPPER_RC2 _R552\TESSERACT_R552\VS2008\RELEASE\CCSTRUCT\STEPBLOB.OBJ
C:\USERS\SALMAN\NUS\EE4001\RESEARCH\TESSERACTENGINE3DOTNETWRAPPER_RC2 _R552\TESSERACT_R552\VS2008\RELEASE\CCSTRUCT\VC100.PDB
C:\USERS\SALMAN\NUS\EE4001\RESEARCH\TESSERACTENGINE3DOTNETWRAPPER_RC2 _R552\TESSERACT_R552\VS2008\RELEASE\CCSTRUCT\VECFUNCS.OBJ
C:\USERS\SALMAN\NUS\EE4001\RESEARCH\TESSERACTENGINE3DOTNETWRAPPER_RC2 _R552\TESSERACT_R552\VS2008\RELEASE\CCSTRUCT\WERD.OBJ
