Build started 13-Sep-12 5:46:47 PM.
     1>Project "C:\Users\VARUN\Desktop\FYP Stuff\ForJava\HelloWork\HelloWork\HelloWork.vcxproj" on node 2 (build target(s)).
     1>InitializeBuildStatus:
         Touching "Debug\HelloWork.unsuccessfulbuild".
       GenerateTargetFrameworkMonikerAttribute:
       Skipping target "GenerateTargetFrameworkMonikerAttribute" because all output files are up-to-date with respect to the input files.
       ClCompile:
         c:\Program Files (x86)\Microsoft Visual Studio 10.0\VC\bin\CL.exe /c /AI"C:\Program Files (x86)\Reference Assemblies\Microsoft\Framework\.NETFramework\v4.0" /AI"C:\Users\VARUN\Desktop\FYP Stuff\ForJava\MCPP" /Zi /clr:oldSyntax /nologo /W3 /WX- /Od /Oy- /D _WINDLL /EHa /MDd /GS /fp:precise /Zc:wchar_t /Zc:forScope /Fo"Debug\\" /Fd"Debug\vc100.pdb" /TP /FU"C:\Program Files (x86)\Reference Assemblies\Microsoft\Framework\.NETFramework\v4.0\System.Core.dll" /FU"C:\Program Files (x86)\Reference Assemblies\Microsoft\Framework\.NETFramework\v4.0\System.Windows.Forms.dll" /analyze- /errorReport:prompt ..\..\Java\HelloWorld.cpp /clr:nostdlib 
     1>cl : Command line warning D9035: option 'clr:oldsyntax' has been deprecated and will be removed in a future release
         HelloWorld.cpp
         All outputs are up-to-date.
       Link:
         c:\Program Files (x86)\Microsoft Visual Studio 10.0\VC\bin\link.exe /ERRORREPORT:PROMPT /OUT:"C:\Users\VARUN\Desktop\FYP Stuff\ForJava\HelloWork\Debug\HelloWork.dll" /NOLOGO kernel32.lib user32.lib gdi32.lib winspool.lib comdlg32.lib advapi32.lib shell32.lib ole32.lib oleaut32.lib uuid.lib odbc32.lib odbccp32.lib /MANIFEST /ManifestFile:"Debug\HelloWork.dll.intermediate.manifest" /MANIFESTUAC:"level='asInvoker' uiAccess='false'" /DEBUG /PDB:"C:\Users\VARUN\Desktop\FYP Stuff\ForJava\HelloWork\Debug\HelloWork.pdb" /ASSEMBLYDEBUG /TLBID:1 /DYNAMICBASE /FIXED:NO /NXCOMPAT /MACHINE:X86 /DLL Debug\HelloWorld.obj
         "Debug\.NETFramework,Version=v4.0.AssemblyAttributes.obj"
            Creating library C:\Users\VARUN\Desktop\FYP Stuff\ForJava\HelloWork\Debug\HelloWork.lib and object C:\Users\VARUN\Desktop\FYP Stuff\ForJava\HelloWork\Debug\HelloWork.exp
         HelloWork.vcxproj -> C:\Users\VARUN\Desktop\FYP Stuff\ForJava\HelloWork\Debug\HelloWork.dll
       Manifest:
         C:\Program Files (x86)\Microsoft SDKs\Windows\v7.0A\bin\mt.exe /nologo /verbose /outputresource:"C:\Users\VARUN\Desktop\FYP Stuff\ForJava\HelloWork\Debug\HelloWork.dll;#2" /manifest Debug\HelloWork.dll.intermediate.manifest
       FinalizeBuildStatus:
         Deleting file "Debug\HelloWork.unsuccessfulbuild".
         Touching "Debug\HelloWork.lastbuildstate".
     1>Done Building Project "C:\Users\VARUN\Desktop\FYP Stuff\ForJava\HelloWork\HelloWork\HelloWork.vcxproj" (build target(s)).

Build succeeded.

Time Elapsed 00:00:01.54
